2020-03-06 18:37:08,230 start_end.py[line:9] INFO 开始测试
2020-03-06 18:37:08,232 driver.py[line:16] INFO 启动火狐浏览器
2020-03-06 18:37:23,506 test_login.py[line:20] INFO 开始测试登录成功的第1条用例
2020-03-06 18:37:27,776 start_end.py[line:15] INFO 结束测试
2020-03-06 18:40:11,676 start_end.py[line:13] INFO 开始测试
2020-03-06 18:40:11,677 driver.py[line:16] INFO 启动火狐浏览器
2020-03-06 18:40:26,897 start_end.py[line:40] INFO 开始测试登录失败的第1条用例
2020-03-06 18:40:32,502 start_end.py[line:19] INFO 结束测试
2020-03-06 18:40:39,752 start_end.py[line:13] INFO 开始测试
2020-03-06 18:40:39,753 driver.py[line:16] INFO 启动火狐浏览器
2020-03-06 18:41:13,529 start_end.py[line:40] INFO 开始测试登录失败的第2条用例
2020-03-06 18:41:17,335 start_end.py[line:19] INFO 结束测试
2020-03-06 18:41:26,386 start_end.py[line:13] INFO 开始测试
2020-03-06 18:41:26,386 driver.py[line:16] INFO 启动火狐浏览器
2020-03-06 18:41:42,147 start_end.py[line:40] INFO 开始测试登录失败的第3条用例
2020-03-06 18:41:45,634 start_end.py[line:19] INFO 结束测试
2020-03-06 18:41:53,159 start_end.py[line:13] INFO 开始测试
2020-03-06 18:41:53,160 driver.py[line:16] INFO 启动火狐浏览器
2020-03-06 18:42:08,286 start_end.py[line:40] INFO 开始测试登录失败的第4条用例
2020-03-06 18:42:12,640 start_end.py[line:19] INFO 结束测试
2020-03-06 18:42:21,435 start_end.py[line:13] INFO 开始测试
2020-03-06 18:42:21,436 driver.py[line:16] INFO 启动火狐浏览器
2020-03-06 18:42:36,264 start_end.py[line:27] INFO 开始测试登录成功的第1条用例
2020-03-06 18:42:43,122 start_end.py[line:19] INFO 结束测试
2020-03-06 19:29:40,149 test_register.py[line:13] INFO 开始注册测试
2020-03-06 19:29:40,150 driver.py[line:16] INFO 启动火狐浏览器
2020-03-06 19:29:54,976 test_register.py[line:29] INFO 开始测试注册的第1条用例
2020-03-06 19:29:54,976 test_register.py[line:19] INFO 结束测试
2020-03-06 19:30:03,815 test_register.py[line:13] INFO 开始注册测试
2020-03-06 19:30:03,816 driver.py[line:16] INFO 启动火狐浏览器
2020-03-06 19:30:19,835 test_register.py[line:29] INFO 开始测试注册的第1条用例
2020-03-06 19:30:19,836 test_register.py[line:19] INFO 结束测试
2020-03-06 19:31:02,625 test_register.py[line:13] INFO 开始注册测试
2020-03-06 19:31:02,626 driver.py[line:16] INFO 启动火狐浏览器
2020-03-06 19:31:16,727 test_register.py[line:29] INFO 开始测试注册的第1条用例
2020-03-06 19:31:21,931 test_register.py[line:19] INFO 结束测试
2020-03-06 19:31:33,003 test_register.py[line:13] INFO 开始注册测试
2020-03-06 19:31:33,003 driver.py[line:16] INFO 启动火狐浏览器
2020-03-06 19:31:47,713 test_register.py[line:29] INFO 开始测试注册的第1条用例
2020-03-06 19:31:53,388 test_register.py[line:19] INFO 结束测试
2020-03-06 19:32:44,392 test_register.py[line:13] INFO 开始注册测试
2020-03-06 19:32:44,393 driver.py[line:16] INFO 启动火狐浏览器
2020-03-06 19:32:53,514 test_register.py[line:13] INFO 开始注册测试
2020-03-06 19:32:53,515 driver.py[line:16] INFO 启动火狐浏览器
2020-03-06 19:33:00,865 test_register.py[line:29] INFO 开始测试注册的第1条用例
2020-03-06 19:33:01,936 test_register.py[line:19] INFO 结束测试
2020-03-06 19:33:09,876 test_register.py[line:29] INFO 开始测试注册的第1条用例
2020-03-06 19:33:15,136 test_register.py[line:19] INFO 结束测试
2020-03-06 19:33:26,604 test_register.py[line:13] INFO 开始注册测试
2020-03-06 19:33:26,605 driver.py[line:16] INFO 启动火狐浏览器
2020-03-06 19:33:42,420 test_register.py[line:29] INFO 开始测试注册的第2条用例
2020-03-06 19:33:47,076 test_register.py[line:19] INFO 结束测试
2020-03-06 19:36:09,979 test_register.py[line:13] INFO 开始注册测试
2020-03-06 19:36:09,980 driver.py[line:16] INFO 启动火狐浏览器
2020-03-06 19:36:25,094 test_register.py[line:29] INFO 开始测试注册的第1条用例
2020-03-06 19:36:31,480 test_register.py[line:19] INFO 结束测试
2020-03-06 19:36:42,557 test_register.py[line:13] INFO 开始注册测试
2020-03-06 19:36:42,559 driver.py[line:16] INFO 启动火狐浏览器
2020-03-06 19:36:56,683 test_register.py[line:29] INFO 开始测试注册的第2条用例
2020-03-06 19:37:01,464 test_register.py[line:19] INFO 结束测试
2020-03-06 19:56:26,634 test_login.py[line:13] INFO 开始登录测试
2020-03-06 19:56:26,635 driver.py[line:16] INFO 启动火狐浏览器
2020-03-06 19:56:43,719 test_login.py[line:28] INFO 开始测试登录成功的第1条用例
2020-03-06 19:56:43,720 test_login.py[line:19] INFO 结束登录测试
2020-03-06 19:57:07,297 test_login.py[line:13] INFO 开始登录测试
2020-03-06 19:57:07,298 driver.py[line:16] INFO 启动火狐浏览器
2020-03-06 19:57:12,379 test_login.py[line:13] INFO 开始登录测试
2020-03-06 19:57:12,380 driver.py[line:16] INFO 启动火狐浏览器
2020-03-06 19:57:23,621 test_login.py[line:28] INFO 开始测试登录成功的第1条用例
2020-03-06 19:57:23,621 test_login.py[line:19] INFO 结束登录测试
2020-03-06 19:57:30,571 test_login.py[line:28] INFO 开始测试登录成功的第1条用例
2020-03-06 19:57:35,527 test_login.py[line:19] INFO 结束登录测试
2020-03-06 19:59:16,125 test_login.py[line:13] INFO 开始登录测试
2020-03-06 19:59:16,125 driver.py[line:16] INFO 启动火狐浏览器
2020-03-06 19:59:21,826 test_login.py[line:13] INFO 开始登录测试
2020-03-06 19:59:21,826 driver.py[line:16] INFO 启动火狐浏览器
2020-03-06 19:59:34,081 test_login.py[line:42] INFO 开始测试登录失败的第1条用例
2020-03-06 19:59:35,684 test_login.py[line:19] INFO 结束登录测试
2020-03-06 19:59:43,540 test_login.py[line:42] INFO 开始测试登录失败的第1条用例
2020-03-06 19:59:49,930 test_login.py[line:19] INFO 结束登录测试
2020-03-06 20:00:02,379 test_login.py[line:13] INFO 开始登录测试
2020-03-06 20:00:02,380 driver.py[line:16] INFO 启动火狐浏览器
2020-03-06 20:00:18,341 test_login.py[line:42] INFO 开始测试登录失败的第2条用例
2020-03-06 20:00:22,845 test_login.py[line:19] INFO 结束登录测试
2020-03-06 20:00:34,670 test_login.py[line:13] INFO 开始登录测试
2020-03-06 20:00:34,671 driver.py[line:16] INFO 启动火狐浏览器
2020-03-06 20:00:52,285 test_login.py[line:42] INFO 开始测试登录失败的第3条用例
2020-03-06 20:00:56,035 test_login.py[line:19] INFO 结束登录测试
2020-03-06 20:01:06,385 test_login.py[line:13] INFO 开始登录测试
2020-03-06 20:01:06,386 driver.py[line:16] INFO 启动火狐浏览器
2020-03-06 20:01:21,848 test_login.py[line:42] INFO 开始测试登录失败的第4条用例
2020-03-06 20:01:27,028 test_login.py[line:19] INFO 结束登录测试
2020-03-06 20:01:36,542 test_login.py[line:13] INFO 开始登录测试
2020-03-06 20:01:36,543 driver.py[line:16] INFO 启动火狐浏览器
2020-03-06 20:01:54,058 test_login.py[line:28] INFO 开始测试登录成功的第1条用例
2020-03-06 20:01:58,034 test_login.py[line:19] INFO 结束登录测试
2020-03-06 20:05:32,814 test_login.py[line:13] INFO 开始登录测试
2020-03-06 20:05:32,814 driver.py[line:16] INFO 启动火狐浏览器
2020-03-06 20:05:49,505 test_login.py[line:42] INFO 开始测试登录失败的第1条用例
2020-03-06 20:05:54,652 test_login.py[line:19] INFO 结束登录测试
2020-03-06 20:06:04,669 test_login.py[line:13] INFO 开始登录测试
2020-03-06 20:06:04,670 driver.py[line:16] INFO 启动火狐浏览器
2020-03-06 20:06:19,599 test_login.py[line:42] INFO 开始测试登录失败的第2条用例
2020-03-06 20:06:23,933 test_login.py[line:19] INFO 结束登录测试
2020-03-06 20:06:33,563 test_login.py[line:13] INFO 开始登录测试
2020-03-06 20:06:33,564 driver.py[line:16] INFO 启动火狐浏览器
2020-03-06 20:06:49,726 test_login.py[line:42] INFO 开始测试登录失败的第3条用例
2020-03-06 20:06:54,923 test_login.py[line:19] INFO 结束登录测试
2020-03-06 20:07:05,641 test_login.py[line:13] INFO 开始登录测试
2020-03-06 20:07:05,642 driver.py[line:16] INFO 启动火狐浏览器
2020-03-06 20:07:22,706 test_login.py[line:42] INFO 开始测试登录失败的第4条用例
2020-03-06 20:07:26,148 test_login.py[line:19] INFO 结束登录测试
2020-03-06 20:07:35,521 test_login.py[line:13] INFO 开始登录测试
2020-03-06 20:07:35,523 driver.py[line:16] INFO 启动火狐浏览器
2020-03-06 20:07:57,647 test_login.py[line:28] INFO 开始测试登录成功的第1条用例
2020-03-06 20:08:06,200 test_login.py[line:19] INFO 结束登录测试
2020-03-07 00:27:39,003 test_shopping_car.py[line:17] INFO 开始测试购物车模块
2020-03-07 00:27:39,052 driver.py[line:16] INFO 启动火狐浏览器
2020-03-07 00:28:11,345 test_shopping_car.py[line:31] INFO 开始测试购物车
2020-03-07 00:28:22,125 test_shopping_car.py[line:27] INFO 结束测试购物车模块
2020-03-07 00:30:14,781 test_shopping_car.py[line:17] INFO 开始测试购物车模块
2020-03-07 00:30:14,781 driver.py[line:16] INFO 启动火狐浏览器
2020-03-07 00:31:00,695 test_shopping_car.py[line:31] INFO 开始测试购物车
2020-03-07 00:31:08,600 test_shopping_car.py[line:27] INFO 结束测试购物车模块
2020-03-07 00:32:05,129 test_shopping_car.py[line:17] INFO 开始测试购物车模块
2020-03-07 00:32:05,130 driver.py[line:16] INFO 启动火狐浏览器
2020-03-07 00:32:24,443 test_shopping_car.py[line:31] INFO 开始测试购物车
2020-03-07 00:32:31,721 test_shopping_car.py[line:27] INFO 结束测试购物车模块
2020-03-07 00:36:57,449 test_shopping_car.py[line:17] INFO 开始测试购物车模块
2020-03-07 00:36:57,449 driver.py[line:16] INFO 启动火狐浏览器
2020-03-07 00:37:20,504 test_shopping_car.py[line:31] INFO 开始测试购物车
2020-03-07 00:37:27,488 test_shopping_car.py[line:27] INFO 结束测试购物车模块
2020-03-07 00:42:05,097 test_shopping_car.py[line:17] INFO 开始测试购物车模块
2020-03-07 00:42:05,097 driver.py[line:16] INFO 启动火狐浏览器
2020-03-07 00:42:27,988 test_shopping_car.py[line:31] INFO 开始测试购物车
2020-03-07 00:42:35,035 test_shopping_car.py[line:27] INFO 结束测试购物车模块
2020-03-07 00:45:43,740 test_shopping_car.py[line:17] INFO 开始测试购物车模块
2020-03-07 00:45:43,740 driver.py[line:16] INFO 启动火狐浏览器
2020-03-07 00:46:04,502 test_shopping_car.py[line:31] INFO 开始测试购物车
2020-03-07 00:46:10,030 test_shopping_car.py[line:27] INFO 结束测试购物车模块
2020-03-07 00:46:31,687 test_shopping_car.py[line:17] INFO 开始测试购物车模块
2020-03-07 00:46:31,687 driver.py[line:16] INFO 启动火狐浏览器
2020-03-07 00:46:52,312 test_shopping_car.py[line:31] INFO 开始测试购物车
2020-03-07 00:46:58,375 test_shopping_car.py[line:27] INFO 结束测试购物车模块
2020-03-07 00:47:02,656 test_shopping_car.py[line:17] INFO 开始测试购物车模块
2020-03-07 00:47:02,656 driver.py[line:16] INFO 启动火狐浏览器
2020-03-07 00:47:23,047 test_shopping_car.py[line:31] INFO 开始测试购物车
2020-03-07 00:47:30,422 test_shopping_car.py[line:27] INFO 结束测试购物车模块
2020-03-07 00:49:18,563 test_shopping_car.py[line:17] INFO 开始测试购物车模块
2020-03-07 00:49:18,563 driver.py[line:16] INFO 启动火狐浏览器
2020-03-07 00:49:39,309 test_shopping_car.py[line:31] INFO 开始测试购物车
2020-03-07 00:49:46,245 test_shopping_car.py[line:27] INFO 结束测试购物车模块
2020-03-07 01:07:16,994 test_shopping_car.py[line:17] INFO 开始测试购物车模块
2020-03-07 01:07:17,009 driver.py[line:16] INFO 启动火狐浏览器
2020-03-07 01:07:39,419 test_shopping_car.py[line:31] INFO 开始测试购物车
2020-03-07 01:07:45,663 goods_page.py[line:27] INFO 点击添加购物车
2020-03-07 01:07:46,648 test_shopping_car.py[line:27] INFO 结束测试购物车模块
2020-03-07 01:10:08,618 test_shopping_car.py[line:17] INFO 开始测试购物车模块
2020-03-07 01:10:08,634 driver.py[line:16] INFO 启动火狐浏览器
2020-03-07 01:10:30,092 test_shopping_car.py[line:31] INFO 开始测试购物车
2020-03-07 01:10:37,503 goods_page.py[line:27] INFO 点击添加购物车
2020-03-07 01:10:38,476 test_shopping_car.py[line:27] INFO 结束测试购物车模块
2020-03-07 01:13:14,070 test_shopping_car.py[line:17] INFO 开始测试购物车模块
2020-03-07 01:13:14,070 driver.py[line:16] INFO 启动火狐浏览器
2020-03-07 01:13:35,399 test_shopping_car.py[line:31] INFO 开始测试购物车
2020-03-07 01:13:42,321 goods_page.py[line:27] INFO 点击添加购物车
2020-03-07 01:13:43,352 test_shopping_car.py[line:27] INFO 结束测试购物车模块
2020-03-07 01:15:59,728 test_shopping_car.py[line:17] INFO 开始测试购物车模块
2020-03-07 01:15:59,728 driver.py[line:16] INFO 启动火狐浏览器
2020-03-07 01:16:25,291 test_shopping_car.py[line:31] INFO 开始测试购物车
2020-03-07 01:16:32,322 goods_page.py[line:27] INFO 点击添加购物车
2020-03-07 01:16:33,479 test_shopping_car.py[line:27] INFO 结束测试购物车模块
2020-03-07 01:17:29,742 test_shopping_car.py[line:17] INFO 开始测试购物车模块
2020-03-07 01:17:29,742 driver.py[line:16] INFO 启动火狐浏览器
2020-03-07 01:17:51,102 test_shopping_car.py[line:31] INFO 开始测试购物车
2020-03-07 01:17:56,561 goods_page.py[line:27] INFO 点击添加购物车
2020-03-07 01:17:56,843 test_shopping_car.py[line:27] INFO 结束测试购物车模块
2020-03-07 01:18:06,702 test_shopping_car.py[line:17] INFO 开始测试购物车模块
2020-03-07 01:18:06,702 driver.py[line:16] INFO 启动火狐浏览器
2020-03-07 01:18:35,225 test_shopping_car.py[line:31] INFO 开始测试购物车
2020-03-07 01:18:40,907 goods_page.py[line:27] INFO 点击添加购物车
2020-03-07 01:18:41,860 test_shopping_car.py[line:27] INFO 结束测试购物车模块
2020-03-07 01:19:19,439 test_shopping_car.py[line:17] INFO 开始测试购物车模块
2020-03-07 01:19:19,454 driver.py[line:16] INFO 启动火狐浏览器
2020-03-07 01:19:47,139 test_shopping_car.py[line:31] INFO 开始测试购物车
2020-03-07 01:19:51,199 goods_page.py[line:27] INFO 点击添加购物车
2020-03-07 01:19:52,465 test_shopping_car.py[line:27] INFO 结束测试购物车模块
2020-03-07 01:21:58,060 test_shopping_car.py[line:17] INFO 开始测试购物车模块
2020-03-07 01:21:58,060 driver.py[line:16] INFO 启动火狐浏览器
2020-03-07 01:22:22,676 test_shopping_car.py[line:31] INFO 开始测试购物车
2020-03-07 01:22:27,504 goods_page.py[line:27] INFO 点击添加购物车
2020-03-07 01:22:34,691 test_shopping_car.py[line:27] INFO 结束测试购物车模块
2020-03-07 01:25:52,005 test_shopping_car.py[line:17] INFO 开始测试购物车模块
2020-03-07 01:25:52,005 driver.py[line:16] INFO 启动火狐浏览器
2020-03-07 01:26:14,806 test_shopping_car.py[line:31] INFO 开始测试购物车
2020-03-07 01:26:17,984 goods_page.py[line:27] INFO 点击添加购物车
2020-03-07 01:26:18,140 test_shopping_car.py[line:27] INFO 结束测试购物车模块
2020-03-07 01:26:34,609 test_shopping_car.py[line:17] INFO 开始测试购物车模块
2020-03-07 01:26:34,609 driver.py[line:16] INFO 启动火狐浏览器
2020-03-07 01:26:55,719 test_shopping_car.py[line:31] INFO 开始测试购物车
2020-03-07 01:27:00,375 goods_page.py[line:27] INFO 点击添加购物车
2020-03-07 01:27:06,344 test_shopping_car.py[line:27] INFO 结束测试购物车模块
2020-03-07 01:29:16,267 test_shopping_car.py[line:17] INFO 开始测试购物车模块
2020-03-07 01:29:16,267 driver.py[line:16] INFO 启动火狐浏览器
2020-03-07 01:29:46,377 test_shopping_car.py[line:31] INFO 开始测试购物车
2020-03-07 01:29:49,502 goods_page.py[line:27] INFO 点击添加购物车
2020-03-07 01:29:49,736 test_shopping_car.py[line:27] INFO 结束测试购物车模块
2020-03-07 01:29:53,596 test_shopping_car.py[line:17] INFO 开始测试购物车模块
2020-03-07 01:29:53,596 driver.py[line:16] INFO 启动火狐浏览器
2020-03-07 01:30:12,983 test_shopping_car.py[line:31] INFO 开始测试购物车
2020-03-07 01:30:16,198 goods_page.py[line:27] INFO 点击添加购物车
2020-03-07 01:30:16,307 test_shopping_car.py[line:27] INFO 结束测试购物车模块
2020-03-07 01:30:19,026 test_shopping_car.py[line:17] INFO 开始测试购物车模块
2020-03-07 01:30:19,026 driver.py[line:16] INFO 启动火狐浏览器
2020-03-07 01:30:40,026 test_shopping_car.py[line:31] INFO 开始测试购物车
2020-03-07 01:30:43,261 goods_page.py[line:27] INFO 点击添加购物车
2020-03-07 01:30:43,401 test_shopping_car.py[line:27] INFO 结束测试购物车模块
2020-03-07 01:30:47,089 test_shopping_car.py[line:17] INFO 开始测试购物车模块
2020-03-07 01:30:47,089 driver.py[line:16] INFO 启动火狐浏览器
2020-03-07 01:31:08,468 test_shopping_car.py[line:31] INFO 开始测试购物车
2020-03-07 01:31:17,739 goods_page.py[line:27] INFO 点击添加购物车
2020-03-07 01:31:18,520 test_shopping_car.py[line:27] INFO 结束测试购物车模块
2020-03-07 01:43:03,080 test_shopping_car.py[line:17] INFO 开始测试购物车模块
2020-03-07 01:43:03,080 driver.py[line:16] INFO 启动火狐浏览器
2020-03-07 01:43:28,392 test_shopping_car.py[line:31] INFO 开始测试购物车
2020-03-07 01:43:37,534 goods_page.py[line:27] INFO 点击添加购物车
2020-03-07 01:43:58,628 test_shopping_car.py[line:27] INFO 结束测试购物车模块
2020-03-07 01:53:33,248 test_shopping_car.py[line:17] INFO 开始测试购物车模块
2020-03-07 01:53:33,248 driver.py[line:16] INFO 启动火狐浏览器
2020-03-07 01:53:56,155 test_shopping_car.py[line:31] INFO 开始测试购物车
2020-03-07 01:53:59,311 goods_page.py[line:27] INFO 点击添加购物车
2020-03-07 01:53:59,498 test_shopping_car.py[line:27] INFO 结束测试购物车模块
2020-03-07 01:54:07,858 test_shopping_car.py[line:17] INFO 开始测试购物车模块
2020-03-07 01:54:07,858 driver.py[line:16] INFO 启动火狐浏览器
2020-03-07 01:54:30,827 test_shopping_car.py[line:31] INFO 开始测试购物车
2020-03-07 01:54:36,124 goods_page.py[line:27] INFO 点击添加购物车
2020-03-07 01:54:36,983 test_shopping_car.py[line:27] INFO 结束测试购物车模块
2020-03-07 09:52:27,787 test_shopping_car.py[line:17] INFO 开始测试购物车模块
2020-03-07 09:52:27,803 driver.py[line:16] INFO 启动火狐浏览器
2020-03-07 09:53:02,389 test_shopping_car.py[line:33] INFO 测试商品添加至购物车，在购物车内是否被显示
2020-03-07 09:53:02,505 test_shopping_car.py[line:29] INFO 结束测试购物车模块
2020-03-07 10:25:10,502 test_shopping_car.py[line:17] INFO 开始测试购物车模块
2020-03-07 10:25:10,674 driver.py[line:16] INFO 启动火狐浏览器
2020-03-07 10:26:27,706 test_shopping_car.py[line:17] INFO 开始测试购物车模块
2020-03-07 10:26:27,706 driver.py[line:16] INFO 启动火狐浏览器
2020-03-07 10:26:55,709 test_shopping_car.py[line:31] INFO 测试商品添加至购物车，在购物车内是否被显示
2020-03-07 10:26:55,780 goods_page.py[line:39] INFO 打开商品详情页
2020-03-07 10:26:57,730 goods_page.py[line:25] INFO 增加商品1件
2020-03-07 10:27:00,011 goods_page.py[line:31] INFO 点击添加购物车
2020-03-07 10:27:01,496 shopping_car_page.py[line:15] INFO 打开购物车页面
2020-03-07 10:27:03,199 shopping_car_page.py[line:22] INFO 该商品在购物车内
2020-03-07 10:27:03,199 test_shopping_car.py[line:27] INFO 结束测试购物车模块
2020-03-07 13:17:33,443 test_shopping_car.py[line:17] INFO 开始测试购物车模块
2020-03-07 13:17:33,505 driver.py[line:16] INFO 启动火狐浏览器
2020-03-07 13:18:15,349 test_shopping_car.py[line:33] INFO 测试商品添加至购物车，在购物车内是否被显示
2020-03-07 13:18:15,381 goods_page.py[line:39] INFO 打开商品详情页
2020-03-07 13:18:16,927 goods_page.py[line:25] INFO 增加商品1件
2020-03-07 13:18:19,365 goods_page.py[line:31] INFO 点击添加购物车
2020-03-07 13:18:19,552 test_shopping_car.py[line:29] INFO 结束测试购物车模块
2020-03-07 13:20:05,319 test_shopping_car.py[line:17] INFO 开始测试购物车模块
2020-03-07 13:20:05,319 driver.py[line:16] INFO 启动火狐浏览器
2020-03-07 13:20:26,710 test_shopping_car.py[line:33] INFO 测试商品添加至购物车，在购物车内是否被显示
2020-03-07 13:20:26,710 goods_page.py[line:39] INFO 打开商品详情页
2020-03-07 13:20:28,382 goods_page.py[line:25] INFO 增加商品1件
2020-03-07 13:20:30,648 goods_page.py[line:31] INFO 点击添加购物车
2020-03-07 13:20:30,741 shopping_car_page.py[line:15] INFO 打开购物车页面
2020-03-07 13:20:31,476 shopping_car_page.py[line:22] INFO 该商品在购物车内
2020-03-07 13:20:31,491 test_shopping_car.py[line:29] INFO 结束测试购物车模块
2020-03-07 14:32:54,572 test_shopping_car.py[line:17] INFO 开始测试购物车模块
2020-03-07 14:32:54,574 driver.py[line:16] INFO 启动火狐浏览器
2020-03-07 14:33:33,917 test_shopping_car.py[line:41] INFO 开始：测试商品添加至购物车，从购物车内删除，查看商品是否被删除
2020-03-07 14:33:33,930 goods_page.py[line:39] INFO 打开商品详情页
2020-03-07 14:33:40,825 goods_page.py[line:25] INFO 增加商品1件
2020-03-07 14:33:43,454 goods_page.py[line:31] INFO 点击添加购物车
2020-03-07 14:33:43,615 shopping_car_page.py[line:31] INFO 打开购物车页面
2020-03-07 14:33:44,207 shopping_car_page.py[line:40] INFO 该商品在购物车内
2020-03-07 14:33:44,315 test_shopping_car.py[line:29] INFO 结束测试购物车模块
2020-03-07 14:36:00,065 test_shopping_car.py[line:17] INFO 开始测试购物车模块
2020-03-07 14:36:00,066 driver.py[line:16] INFO 启动火狐浏览器
2020-03-07 14:36:20,430 test_shopping_car.py[line:41] INFO 开始：测试商品添加至购物车，从购物车内删除，查看商品是否被删除
2020-03-07 14:36:20,431 goods_page.py[line:39] INFO 打开商品详情页
2020-03-07 14:36:23,197 goods_page.py[line:25] INFO 增加商品1件
2020-03-07 14:36:25,476 goods_page.py[line:31] INFO 点击添加购物车
2020-03-07 14:36:25,629 shopping_car_page.py[line:31] INFO 打开购物车页面
2020-03-07 14:36:46,888 shopping_car_page.py[line:42] ERROR 该商品不在购物车内
2020-03-07 14:36:46,889 test_shopping_car.py[line:46] INFO 结束：测试商品添加至购物车，从购物车内删除，查看商品是否被删除
2020-03-07 14:36:46,890 test_shopping_car.py[line:29] INFO 结束测试购物车模块
2020-03-07 15:10:35,925 test_shopping_car.py[line:17] INFO 开始测试购物车模块
2020-03-07 15:10:35,941 driver.py[line:16] INFO 启动火狐浏览器
2020-03-07 15:11:22,367 test_shopping_car.py[line:41] INFO 开始：测试商品添加至购物车，从购物车内删除，查看商品是否被删除
2020-03-07 15:11:22,389 goods_page.py[line:39] INFO 打开商品详情页
2020-03-07 15:11:24,892 goods_page.py[line:25] INFO 增加商品1件
2020-03-07 15:11:27,220 goods_page.py[line:31] INFO 点击添加购物车
2020-03-07 15:11:28,955 shopping_car_page.py[line:31] INFO 打开购物车页面
2020-03-07 15:11:29,767 shopping_car_page.py[line:16] INFO 打开购物车页面
2020-03-07 15:11:31,283 shopping_car_page.py[line:23] INFO 该商品在购物车内
2020-03-07 15:11:51,455 test_shopping_car.py[line:29] INFO 结束测试购物车模块
2020-03-07 15:11:55,830 test_shopping_car.py[line:17] INFO 开始测试购物车模块
2020-03-07 15:11:55,830 driver.py[line:16] INFO 启动火狐浏览器
2020-03-07 15:12:24,050 test_shopping_car.py[line:41] INFO 开始：测试商品添加至购物车，从购物车内删除，查看商品是否被删除
2020-03-07 15:12:24,050 goods_page.py[line:39] INFO 打开商品详情页
2020-03-07 15:12:26,247 goods_page.py[line:25] INFO 增加商品1件
2020-03-07 15:12:28,528 goods_page.py[line:31] INFO 点击添加购物车
2020-03-07 15:12:28,606 shopping_car_page.py[line:31] INFO 打开购物车页面
2020-03-07 15:12:29,919 shopping_car_page.py[line:16] INFO 打开购物车页面
2020-03-07 15:12:30,341 shopping_car_page.py[line:23] INFO 该商品在购物车内
2020-03-07 15:12:50,388 test_shopping_car.py[line:29] INFO 结束测试购物车模块
2020-03-07 15:21:15,452 test_shopping_car.py[line:17] INFO 开始测试购物车模块
2020-03-07 15:21:15,499 driver.py[line:16] INFO 启动火狐浏览器
2020-03-07 15:22:02,296 test_shopping_car.py[line:41] INFO 开始：测试商品添加至购物车，从购物车内删除，查看商品是否被删除
2020-03-07 15:22:02,421 goods_page.py[line:39] INFO 打开商品详情页
2020-03-07 15:22:05,025 goods_page.py[line:25] INFO 增加商品1件
2020-03-07 15:22:07,278 goods_page.py[line:31] INFO 点击添加购物车
2020-03-07 15:22:08,558 shopping_car_page.py[line:31] INFO 打开购物车页面
2020-03-07 15:22:09,558 shopping_car_page.py[line:16] INFO 打开购物车页面
2020-03-07 15:22:32,136 shopping_car_page.py[line:26] ERROR 该商品不在购物车内
2020-03-07 15:22:32,136 test_shopping_car.py[line:46] INFO 结束：测试商品添加至购物车，从购物车内删除，查看商品是否被删除
2020-03-07 15:22:32,136 test_shopping_car.py[line:29] INFO 结束测试购物车模块
2020-03-07 15:26:18,465 test_shopping_car.py[line:17] INFO 开始测试购物车模块
2020-03-07 15:26:18,465 driver.py[line:16] INFO 启动火狐浏览器
2020-03-07 15:26:42,576 test_shopping_car.py[line:41] INFO 开始：测试商品添加至购物车，从购物车内删除，查看商品是否被删除
2020-03-07 15:26:42,576 goods_page.py[line:39] INFO 打开商品详情页
2020-03-07 15:26:44,133 goods_page.py[line:25] INFO 增加商品1件
2020-03-07 15:26:46,425 goods_page.py[line:31] INFO 点击添加购物车
2020-03-07 15:26:46,503 shopping_car_page.py[line:31] INFO 打开购物车页面
2020-03-07 15:26:47,597 shopping_car_page.py[line:16] INFO 打开购物车页面
2020-03-07 15:26:47,988 shopping_car_page.py[line:23] INFO 该商品在购物车内
2020-03-07 15:26:48,019 test_shopping_car.py[line:46] INFO 结束：测试商品添加至购物车，从购物车内删除，查看商品是否被删除
2020-03-07 15:26:48,019 test_shopping_car.py[line:29] INFO 结束测试购物车模块
2020-03-07 15:33:57,789 test_shopping_car.py[line:17] INFO 开始测试购物车模块
2020-03-07 15:33:57,789 driver.py[line:16] INFO 启动火狐浏览器
2020-03-07 15:34:18,457 test_shopping_car.py[line:33] INFO 开始：测试商品添加至购物车，在购物车内是否被显示
2020-03-07 15:34:18,458 goods_page.py[line:39] INFO 打开商品详情页
2020-03-07 15:34:20,827 goods_page.py[line:25] INFO 增加商品1件
2020-03-07 15:34:23,108 goods_page.py[line:31] INFO 点击添加购物车
2020-03-07 15:34:23,186 shopping_car_page.py[line:16] INFO 打开购物车页面
2020-03-07 15:34:23,968 shopping_car_page.py[line:24] INFO 该商品在购物车内
2020-03-07 15:34:23,968 test_shopping_car.py[line:38] INFO 结束：测试商品添加至购物车，在购物车内是否被显示
2020-03-07 15:34:23,968 test_shopping_car.py[line:29] INFO 结束测试购物车模块
2020-03-07 15:39:32,955 test_shopping_car.py[line:17] INFO 开始测试购物车模块
2020-03-07 15:39:32,955 driver.py[line:16] INFO 启动火狐浏览器
2020-03-07 15:39:52,377 test_shopping_car.py[line:33] INFO 开始：测试商品添加至购物车，在购物车内是否被显示
2020-03-07 15:39:52,378 goods_page.py[line:39] INFO 打开商品详情页
2020-03-07 15:39:54,757 goods_page.py[line:25] INFO 增加商品1件
2020-03-07 15:39:57,039 goods_page.py[line:31] INFO 点击添加购物车
2020-03-07 15:39:57,117 shopping_car_page.py[line:16] INFO 打开购物车页面
2020-03-07 15:39:57,914 shopping_car_page.py[line:24] INFO 该商品在购物车内
2020-03-07 15:39:57,914 test_shopping_car.py[line:38] INFO 结束：测试商品添加至购物车，在购物车内是否被显示
2020-03-07 15:39:57,929 test_shopping_car.py[line:41] INFO 开始：测试商品添加至购物车，从购物车内删除，查看商品是否被删除
2020-03-07 15:39:57,929 goods_page.py[line:39] INFO 打开商品详情页
2020-03-07 15:39:58,398 goods_page.py[line:25] INFO 增加商品1件
2020-03-07 15:40:00,664 goods_page.py[line:31] INFO 点击添加购物车
2020-03-07 15:40:00,726 shopping_car_page.py[line:32] INFO 打开购物车页面
2020-03-07 15:40:02,211 shopping_car_page.py[line:16] INFO 打开购物车页面
2020-03-07 15:40:02,617 shopping_car_page.py[line:24] INFO 该商品在购物车内
2020-03-07 15:40:02,617 shopping_car_page.py[line:36] INFO 获取该商品在购物车的购物车ID
2020-03-07 15:40:02,648 test_shopping_car.py[line:46] INFO 结束：测试商品添加至购物车，从购物车内删除，查看商品是否被删除
2020-03-07 15:40:02,664 test_shopping_car.py[line:29] INFO 结束测试购物车模块
2020-03-07 16:10:22,050 test_shopping_car.py[line:17] INFO 开始测试购物车模块
2020-03-07 16:10:22,050 driver.py[line:16] INFO 启动火狐浏览器
2020-03-07 16:10:42,597 test_shopping_car.py[line:33] INFO 开始：测试商品添加至购物车，在购物车内是否被显示
2020-03-07 16:10:42,598 goods_page.py[line:39] INFO 打开商品详情页
2020-03-07 16:10:49,161 goods_page.py[line:25] INFO 增加商品1件
2020-03-07 16:10:51,443 goods_page.py[line:31] INFO 点击添加购物车
2020-03-07 16:10:51,536 shopping_car_page.py[line:16] INFO 打开购物车页面
2020-03-07 16:10:52,271 shopping_car_page.py[line:24] INFO 该商品在购物车内
2020-03-07 16:10:52,271 test_shopping_car.py[line:38] INFO 结束：测试商品添加至购物车，在购物车内是否被显示
2020-03-07 16:10:52,286 test_shopping_car.py[line:41] INFO 开始：测试商品添加至购物车，从购物车内删除，查看商品是否被删除
2020-03-07 16:10:52,286 goods_page.py[line:39] INFO 打开商品详情页
2020-03-07 16:10:52,740 goods_page.py[line:25] INFO 增加商品1件
2020-03-07 16:10:55,005 goods_page.py[line:31] INFO 点击添加购物车
2020-03-07 16:10:55,115 shopping_car_page.py[line:33] INFO 打开购物车页面
2020-03-07 16:10:55,755 shopping_car_page.py[line:16] INFO 打开购物车页面
2020-03-07 16:10:56,130 shopping_car_page.py[line:24] INFO 该商品在购物车内
2020-03-07 16:10:56,130 shopping_car_page.py[line:37] INFO 获取该商品在购物车的购物车ID
2020-03-07 16:10:56,161 shopping_car_page.py[line:46] INFO 打开购物车页面
2020-03-07 16:10:56,505 shopping_car_page.py[line:50] INFO 在购物车内根据ID删除对应商品
2020-03-07 16:11:16,896 shopping_car_page.py[line:58] INFO 删除成功
2020-03-07 16:11:16,896 test_shopping_car.py[line:29] INFO 结束测试购物车模块
2020-03-07 16:11:48,256 test_shopping_car.py[line:17] INFO 开始测试购物车模块
2020-03-07 16:11:48,256 driver.py[line:16] INFO 启动火狐浏览器
2020-03-07 16:12:06,424 test_shopping_car.py[line:33] INFO 开始：测试商品添加至购物车，在购物车内是否被显示
2020-03-07 16:12:06,425 goods_page.py[line:39] INFO 打开商品详情页
2020-03-07 16:12:14,956 goods_page.py[line:25] INFO 增加商品1件
2020-03-07 16:12:17,238 goods_page.py[line:31] INFO 点击添加购物车
2020-03-07 16:12:17,331 shopping_car_page.py[line:16] INFO 打开购物车页面
2020-03-07 16:12:18,160 shopping_car_page.py[line:24] INFO 该商品在购物车内
2020-03-07 16:12:18,160 test_shopping_car.py[line:38] INFO 结束：测试商品添加至购物车，在购物车内是否被显示
2020-03-07 16:12:18,160 test_shopping_car.py[line:41] INFO 开始：测试商品添加至购物车，从购物车内删除，查看商品是否被删除
2020-03-07 16:12:18,160 goods_page.py[line:39] INFO 打开商品详情页
2020-03-07 16:12:18,628 goods_page.py[line:25] INFO 增加商品1件
2020-03-07 16:12:20,894 goods_page.py[line:31] INFO 点击添加购物车
2020-03-07 16:12:20,972 shopping_car_page.py[line:33] INFO 打开购物车页面
2020-03-07 16:12:21,597 shopping_car_page.py[line:16] INFO 打开购物车页面
2020-03-07 16:12:21,988 shopping_car_page.py[line:24] INFO 该商品在购物车内
2020-03-07 16:12:21,988 shopping_car_page.py[line:37] INFO 获取该商品在购物车的购物车ID
2020-03-07 16:12:22,035 shopping_car_page.py[line:46] INFO 打开购物车页面
2020-03-07 16:12:22,769 shopping_car_page.py[line:50] INFO 在购物车内根据ID删除对应商品
2020-03-07 16:12:43,425 shopping_car_page.py[line:58] INFO 删除成功
2020-03-07 16:12:43,425 test_shopping_car.py[line:29] INFO 结束测试购物车模块
2020-03-07 16:16:45,808 test_shopping_car.py[line:17] INFO 开始测试购物车模块
2020-03-07 16:16:45,808 driver.py[line:16] INFO 启动火狐浏览器
2020-03-07 16:17:29,469 test_shopping_car.py[line:33] INFO 开始：测试商品添加至购物车，在购物车内是否被显示
2020-03-07 16:17:29,470 goods_page.py[line:39] INFO 打开商品详情页
2020-03-07 16:17:31,922 goods_page.py[line:25] INFO 增加商品1件
2020-03-07 16:17:34,219 goods_page.py[line:31] INFO 点击添加购物车
2020-03-07 16:17:34,313 shopping_car_page.py[line:16] INFO 打开购物车页面
2020-03-07 16:17:35,000 shopping_car_page.py[line:24] INFO 该商品在购物车内
2020-03-07 16:17:35,000 test_shopping_car.py[line:38] INFO 结束：测试商品添加至购物车，在购物车内是否被显示
2020-03-07 16:17:35,000 test_shopping_car.py[line:41] INFO 开始：测试商品添加至购物车，从购物车内删除，查看商品是否被删除
2020-03-07 16:17:35,000 goods_page.py[line:39] INFO 打开商品详情页
2020-03-07 16:17:35,500 goods_page.py[line:25] INFO 增加商品1件
2020-03-07 16:17:37,844 goods_page.py[line:31] INFO 点击添加购物车
2020-03-07 16:17:37,922 shopping_car_page.py[line:16] INFO 打开购物车页面
2020-03-07 16:17:38,610 shopping_car_page.py[line:24] INFO 该商品在购物车内
2020-03-07 16:17:38,610 shopping_car_page.py[line:36] INFO 获取该商品在购物车的购物车ID
2020-03-07 16:17:38,641 shopping_car_page.py[line:45] INFO 打开购物车页面
2020-03-07 16:17:39,047 shopping_car_page.py[line:49] INFO 在购物车内根据ID删除对应商品
2020-03-07 16:17:59,626 shopping_car_page.py[line:57] INFO 删除成功
2020-03-07 16:17:59,688 test_shopping_car.py[line:29] INFO 结束测试购物车模块
2020-03-07 16:19:07,175 test_shopping_car.py[line:17] INFO 开始测试购物车模块
2020-03-07 16:19:07,175 driver.py[line:16] INFO 启动火狐浏览器
2020-03-07 16:19:25,144 test_shopping_car.py[line:33] INFO 开始：测试商品添加至购物车，在购物车内是否被显示
2020-03-07 16:19:25,144 goods_page.py[line:39] INFO 打开商品详情页
2020-03-07 16:19:26,769 goods_page.py[line:25] INFO 增加商品1件
2020-03-07 16:19:29,066 goods_page.py[line:31] INFO 点击添加购物车
2020-03-07 16:19:29,144 shopping_car_page.py[line:16] INFO 打开购物车页面
2020-03-07 16:19:30,300 shopping_car_page.py[line:24] INFO 该商品在购物车内
2020-03-07 16:19:30,300 test_shopping_car.py[line:38] INFO 结束：测试商品添加至购物车，在购物车内是否被显示
2020-03-07 16:19:30,300 test_shopping_car.py[line:41] INFO 开始：测试商品添加至购物车，从购物车内删除，查看商品是否被删除
2020-03-07 16:19:30,300 goods_page.py[line:39] INFO 打开商品详情页
2020-03-07 16:19:30,956 goods_page.py[line:25] INFO 增加商品1件
2020-03-07 16:19:33,284 goods_page.py[line:31] INFO 点击添加购物车
2020-03-07 16:19:33,394 shopping_car_page.py[line:16] INFO 打开购物车页面
2020-03-07 16:19:34,159 shopping_car_page.py[line:24] INFO 该商品在购物车内
2020-03-07 16:19:34,159 shopping_car_page.py[line:36] INFO 获取该商品在购物车的购物车ID
2020-03-07 16:19:34,206 shopping_car_page.py[line:45] INFO 打开购物车页面
2020-03-07 16:19:34,566 shopping_car_page.py[line:49] INFO 在购物车内根据ID删除对应商品
2020-03-07 16:19:55,144 shopping_car_page.py[line:57] INFO 删除成功
2020-03-07 16:19:55,160 test_shopping_car.py[line:29] INFO 结束测试购物车模块
2020-03-07 16:20:46,223 test_shopping_car.py[line:17] INFO 开始测试购物车模块
2020-03-07 16:20:46,223 driver.py[line:16] INFO 启动火狐浏览器
2020-03-07 16:21:05,051 test_shopping_car.py[line:33] INFO 开始：测试商品添加至购物车，在购物车内是否被显示
2020-03-07 16:21:05,051 goods_page.py[line:39] INFO 打开商品详情页
2020-03-07 16:21:06,426 goods_page.py[line:25] INFO 增加商品1件
2020-03-07 16:21:08,723 goods_page.py[line:31] INFO 点击添加购物车
2020-03-07 16:21:08,801 shopping_car_page.py[line:16] INFO 打开购物车页面
2020-03-07 16:21:09,363 shopping_car_page.py[line:24] INFO 该商品在购物车内
2020-03-07 16:21:09,363 test_shopping_car.py[line:38] INFO 结束：测试商品添加至购物车，在购物车内是否被显示
2020-03-07 16:21:09,363 test_shopping_car.py[line:41] INFO 开始：测试商品添加至购物车，从购物车内删除，查看商品是否被删除
2020-03-07 16:21:09,363 goods_page.py[line:39] INFO 打开商品详情页
2020-03-07 16:21:09,988 goods_page.py[line:25] INFO 增加商品1件
2020-03-07 16:21:12,270 goods_page.py[line:31] INFO 点击添加购物车
2020-03-07 16:21:12,364 shopping_car_page.py[line:16] INFO 打开购物车页面
2020-03-07 16:21:12,942 shopping_car_page.py[line:24] INFO 该商品在购物车内
2020-03-07 16:21:12,942 shopping_car_page.py[line:36] INFO 获取该商品在购物车的购物车ID
2020-03-07 16:21:12,989 shopping_car_page.py[line:45] INFO 打开购物车页面
2020-03-07 16:21:13,520 shopping_car_page.py[line:49] INFO 在购物车内根据ID删除对应商品
2020-03-07 16:21:34,020 shopping_car_page.py[line:57] INFO 删除成功
2020-03-07 16:21:34,223 test_shopping_car.py[line:47] INFO 结束：测试商品添加至购物车，从购物车内删除，查看商品是否被删除
2020-03-07 16:21:34,223 test_shopping_car.py[line:29] INFO 结束测试购物车模块
2020-03-07 16:25:42,694 test_shopping_car.py[line:17] INFO 开始测试购物车模块
2020-03-07 16:25:42,694 driver.py[line:16] INFO 启动火狐浏览器
2020-03-07 16:26:02,538 test_shopping_car.py[line:33] INFO 开始：测试商品添加至购物车，在购物车内是否被显示
2020-03-07 16:26:02,538 goods_page.py[line:39] INFO 打开商品详情页
2020-03-07 16:26:03,913 goods_page.py[line:25] INFO 增加商品1件
2020-03-07 16:26:06,195 goods_page.py[line:31] INFO 点击添加购物车
2020-03-07 16:26:06,288 shopping_car_page.py[line:16] INFO 打开购物车页面
2020-03-07 16:26:06,820 shopping_car_page.py[line:24] INFO 该商品在购物车内
2020-03-07 16:26:06,835 test_shopping_car.py[line:38] INFO 结束：测试商品添加至购物车，在购物车内是否被显示
2020-03-07 16:26:06,835 test_shopping_car.py[line:41] INFO 开始：测试商品添加至购物车，从购物车内删除，查看商品是否被删除
2020-03-07 16:26:06,835 goods_page.py[line:39] INFO 打开商品详情页
2020-03-07 16:26:07,320 goods_page.py[line:25] INFO 增加商品1件
2020-03-07 16:26:09,617 goods_page.py[line:31] INFO 点击添加购物车
2020-03-07 16:26:09,710 shopping_car_page.py[line:16] INFO 打开购物车页面
2020-03-07 16:26:10,241 shopping_car_page.py[line:24] INFO 该商品在购物车内
2020-03-07 16:26:10,241 shopping_car_page.py[line:36] INFO 获取该商品在购物车的购物车ID
2020-03-07 16:26:10,273 shopping_car_page.py[line:45] INFO 打开购物车页面
2020-03-07 16:26:10,648 shopping_car_page.py[line:49] INFO 在购物车内根据ID删除对应商品
2020-03-07 16:26:31,117 shopping_car_page.py[line:57] INFO 删除成功
2020-03-07 16:26:31,304 test_shopping_car.py[line:47] INFO 结束：测试商品添加至购物车，从购物车内删除，查看商品是否被删除
2020-03-07 16:26:31,304 test_shopping_car.py[line:29] INFO 结束测试购物车模块
2020-03-07 16:28:24,227 test_shopping_car.py[line:17] INFO 开始测试购物车模块
2020-03-07 16:28:24,227 driver.py[line:16] INFO 启动火狐浏览器
2020-03-07 16:28:43,619 test_shopping_car.py[line:33] INFO 开始：测试商品添加至购物车，在购物车内是否被显示
2020-03-07 16:28:43,619 goods_page.py[line:39] INFO 打开商品详情页
2020-03-07 16:28:45,754 goods_page.py[line:25] INFO 增加商品1件
2020-03-07 16:28:48,035 goods_page.py[line:31] INFO 点击添加购物车
2020-03-07 16:28:48,145 shopping_car_page.py[line:16] INFO 打开购物车页面
2020-03-07 16:29:09,676 shopping_car_page.py[line:28] ERROR 该商品不在购物车内
2020-03-07 16:29:09,676 test_shopping_car.py[line:41] INFO 开始：测试商品添加至购物车，从购物车内删除，查看商品是否被删除
2020-03-07 16:29:09,676 goods_page.py[line:39] INFO 打开商品详情页
2020-03-07 16:29:10,567 goods_page.py[line:25] INFO 增加商品1件
2020-03-07 16:29:12,848 goods_page.py[line:31] INFO 点击添加购物车
2020-03-07 16:29:12,910 shopping_car_page.py[line:16] INFO 打开购物车页面
2020-03-07 16:29:13,551 shopping_car_page.py[line:24] INFO 该商品在购物车内
2020-03-07 16:29:13,723 shopping_car_page.py[line:37] INFO 获取该商品在购物车的购物车ID
2020-03-07 16:29:13,911 shopping_car_page.py[line:47] INFO 打开购物车页面
2020-03-07 16:29:14,286 shopping_car_page.py[line:51] INFO 在购物车内根据ID删除对应商品
2020-03-07 16:29:34,708 shopping_car_page.py[line:59] INFO 删除成功
2020-03-07 16:29:34,833 test_shopping_car.py[line:47] INFO 结束：测试商品添加至购物车，从购物车内删除，查看商品是否被删除
2020-03-07 16:29:34,848 test_shopping_car.py[line:29] INFO 结束测试购物车模块
2020-03-07 16:32:54,680 test_shopping_car.py[line:17] INFO 开始测试购物车模块
2020-03-07 16:32:54,680 driver.py[line:16] INFO 启动火狐浏览器
2020-03-07 16:33:14,705 test_shopping_car.py[line:33] INFO 开始：测试商品添加至购物车，在购物车内是否被显示
2020-03-07 16:33:14,706 goods_page.py[line:39] INFO 打开商品详情页
2020-03-07 16:33:16,174 goods_page.py[line:25] INFO 增加商品1件
2020-03-07 16:33:18,455 goods_page.py[line:31] INFO 点击添加购物车
2020-03-07 16:33:18,548 shopping_car_page.py[line:16] INFO 打开购物车页面
2020-03-07 16:33:19,080 shopping_car_page.py[line:24] INFO 该商品在购物车内
2020-03-07 16:33:19,236 test_shopping_car.py[line:38] INFO 结束：测试商品添加至购物车，在购物车内是否被显示
2020-03-07 16:33:19,252 test_shopping_car.py[line:41] INFO 开始：测试商品添加至购物车，从购物车内删除，查看商品是否被删除
2020-03-07 16:33:19,252 goods_page.py[line:39] INFO 打开商品详情页
2020-03-07 16:33:19,923 goods_page.py[line:25] INFO 增加商品1件
2020-03-07 16:33:22,205 goods_page.py[line:31] INFO 点击添加购物车
2020-03-07 16:33:22,283 shopping_car_page.py[line:16] INFO 打开购物车页面
2020-03-07 16:33:22,783 shopping_car_page.py[line:24] INFO 该商品在购物车内
2020-03-07 16:33:22,939 shopping_car_page.py[line:37] INFO 获取该商品在购物车的购物车ID
2020-03-07 16:33:23,142 shopping_car_page.py[line:47] INFO 打开购物车页面
2020-03-07 16:33:23,517 shopping_car_page.py[line:51] INFO 在购物车内根据ID删除对应商品
2020-03-07 16:33:43,986 shopping_car_page.py[line:59] INFO 删除成功
2020-03-07 16:33:44,142 test_shopping_car.py[line:47] INFO 结束：测试商品添加至购物车，从购物车内删除，查看商品是否被删除
2020-03-07 16:33:44,142 test_shopping_car.py[line:29] INFO 结束测试购物车模块
2020-03-07 16:39:46,951 test_shopping_car.py[line:17] INFO 开始测试购物车模块
2020-03-07 16:39:46,951 driver.py[line:16] INFO 启动火狐浏览器
2020-03-07 16:40:06,899 test_shopping_car.py[line:33] INFO 开始：测试商品添加至购物车，在购物车内是否被显示
2020-03-07 16:40:06,900 goods_page.py[line:39] INFO 打开商品详情页
2020-03-07 16:40:08,570 goods_page.py[line:25] INFO 增加商品1件
2020-03-07 16:40:10,856 goods_page.py[line:31] INFO 点击添加购物车
2020-03-07 16:40:10,949 shopping_car_page.py[line:16] INFO 打开购物车页面
2020-03-07 16:40:12,278 shopping_car_page.py[line:24] INFO 该商品在购物车内
2020-03-07 16:40:12,418 test_shopping_car.py[line:38] INFO 结束：测试商品添加至购物车，在购物车内是否被显示
2020-03-07 16:40:12,418 test_shopping_car.py[line:41] INFO 开始：测试商品添加至购物车，从购物车内删除，查看商品是否被删除
2020-03-07 16:40:12,418 goods_page.py[line:39] INFO 打开商品详情页
2020-03-07 16:40:13,059 goods_page.py[line:25] INFO 增加商品1件
2020-03-07 16:40:15,309 goods_page.py[line:31] INFO 点击添加购物车
2020-03-07 16:40:15,434 shopping_car_page.py[line:16] INFO 打开购物车页面
2020-03-07 16:40:16,028 shopping_car_page.py[line:24] INFO 该商品在购物车内
2020-03-07 16:40:16,184 shopping_car_page.py[line:37] INFO 获取该商品在购物车的购物车ID
2020-03-07 16:40:16,387 shopping_car_page.py[line:47] INFO 打开购物车页面
2020-03-07 16:40:16,840 shopping_car_page.py[line:51] INFO 在购物车内根据ID删除对应商品
2020-03-07 16:40:37,262 shopping_car_page.py[line:59] INFO 删除成功
2020-03-07 16:40:37,403 test_shopping_car.py[line:47] INFO 结束：测试商品添加至购物车，从购物车内删除，查看商品是否被删除
2020-03-07 16:40:37,403 test_shopping_car.py[line:29] INFO 结束测试购物车模块
2020-03-07 16:44:50,437 test_shopping_car.py[line:17] INFO 开始测试购物车模块
2020-03-07 16:44:50,437 driver.py[line:16] INFO 启动火狐浏览器
2020-03-07 16:45:10,374 test_shopping_car.py[line:33] INFO 开始：测试商品添加至购物车，在购物车内是否被显示
2020-03-07 16:45:10,374 goods_page.py[line:39] INFO 打开商品详情页
2020-03-07 16:45:12,187 goods_page.py[line:25] INFO 增加商品1件
2020-03-07 16:45:14,452 goods_page.py[line:31] INFO 点击添加购物车
2020-03-07 16:45:14,531 shopping_car_page.py[line:16] INFO 打开购物车页面
2020-03-07 16:45:15,062 shopping_car_page.py[line:24] INFO 该商品在购物车内
2020-03-07 16:45:15,249 test_shopping_car.py[line:38] INFO 结束：测试商品添加至购物车，在购物车内是否被显示
2020-03-07 16:45:15,249 test_shopping_car.py[line:41] INFO 开始：测试商品添加至购物车，从购物车内删除，查看商品是否被删除
2020-03-07 16:45:15,249 goods_page.py[line:39] INFO 打开商品详情页
2020-03-07 16:45:15,999 goods_page.py[line:25] INFO 增加商品1件
2020-03-07 16:45:18,281 goods_page.py[line:31] INFO 点击添加购物车
2020-03-07 16:45:18,359 shopping_car_page.py[line:16] INFO 打开购物车页面
2020-03-07 16:45:18,968 shopping_car_page.py[line:24] INFO 该商品在购物车内
2020-03-07 16:45:19,109 shopping_car_page.py[line:37] INFO 获取该商品在购物车的购物车ID
2020-03-07 16:45:19,312 shopping_car_page.py[line:47] INFO 打开购物车页面
2020-03-07 16:45:19,656 shopping_car_page.py[line:51] INFO 在购物车内根据ID删除对应商品
2020-03-07 16:45:40,718 shopping_car_page.py[line:59] INFO 删除成功
2020-03-07 16:45:40,890 test_shopping_car.py[line:47] INFO 结束：测试商品添加至购物车，从购物车内删除，查看商品是否被删除
2020-03-07 16:45:40,890 test_shopping_car.py[line:29] INFO 结束测试购物车模块
2020-03-07 16:54:52,842 test_shopping_car.py[line:17] INFO 开始测试购物车模块
2020-03-07 16:54:52,842 driver.py[line:16] INFO 启动火狐浏览器
2020-03-07 16:55:15,549 test_shopping_car.py[line:33] INFO 开始：测试商品添加至购物车，在购物车内是否被显示
2020-03-07 16:55:15,550 goods_page.py[line:39] INFO 打开商品详情页
2020-03-07 16:55:18,047 goods_page.py[line:25] INFO 增加商品1件
2020-03-07 16:55:20,360 goods_page.py[line:31] INFO 点击添加购物车
2020-03-07 16:55:20,454 shopping_car_page.py[line:16] INFO 打开购物车页面
2020-03-07 16:55:21,172 shopping_car_page.py[line:24] INFO 该商品在购物车内
2020-03-07 16:55:21,329 test_shopping_car.py[line:38] INFO 结束：测试商品添加至购物车，在购物车内是否被显示
2020-03-07 16:55:21,329 test_shopping_car.py[line:41] INFO 开始：测试商品添加至购物车，从购物车内删除，查看商品是否被删除
2020-03-07 16:55:21,329 goods_page.py[line:39] INFO 打开商品详情页
2020-03-07 16:55:21,954 goods_page.py[line:25] INFO 增加商品1件
2020-03-07 16:55:24,219 goods_page.py[line:31] INFO 点击添加购物车
2020-03-07 16:55:24,313 shopping_car_page.py[line:16] INFO 打开购物车页面
2020-03-07 16:55:25,047 shopping_car_page.py[line:24] INFO 该商品在购物车内
2020-03-07 16:55:25,188 shopping_car_page.py[line:37] INFO 获取该商品在购物车的购物车ID
2020-03-07 16:55:25,360 shopping_car_page.py[line:47] INFO 打开购物车页面
2020-03-07 16:55:25,750 shopping_car_page.py[line:51] INFO 在购物车内根据ID删除对应商品
2020-03-07 16:55:46,157 shopping_car_page.py[line:59] INFO 删除成功
2020-03-07 16:55:46,298 test_shopping_car.py[line:47] INFO 结束：测试商品添加至购物车，从购物车内删除，查看商品是否被删除
2020-03-07 16:55:46,298 test_shopping_car.py[line:29] INFO 结束测试购物车模块
2020-03-07 16:59:43,642 test_shopping_car.py[line:17] INFO 开始测试购物车模块
2020-03-07 16:59:43,642 driver.py[line:16] INFO 启动火狐浏览器
2020-03-07 17:00:08,611 test_shopping_car.py[line:33] INFO 开始：测试商品添加至购物车，在购物车内是否被显示
2020-03-07 17:00:08,611 goods_page.py[line:39] INFO 打开商品详情页
2020-03-07 17:00:11,315 goods_page.py[line:25] INFO 增加商品1件
2020-03-07 17:00:13,596 goods_page.py[line:31] INFO 点击添加购物车
2020-03-07 17:00:13,690 shopping_car_page.py[line:16] INFO 打开购物车页面
2020-03-07 17:00:14,408 shopping_car_page.py[line:24] INFO 该商品在购物车内
2020-03-07 17:00:14,565 test_shopping_car.py[line:38] INFO 结束：测试商品添加至购物车，在购物车内是否被显示
2020-03-07 17:00:14,565 test_shopping_car.py[line:41] INFO 开始：测试商品添加至购物车，从购物车内删除，查看商品是否被删除
2020-03-07 17:00:14,565 goods_page.py[line:39] INFO 打开商品详情页
2020-03-07 17:00:15,471 goods_page.py[line:25] INFO 增加商品1件
2020-03-07 17:00:17,737 goods_page.py[line:31] INFO 点击添加购物车
2020-03-07 17:00:17,815 shopping_car_page.py[line:16] INFO 打开购物车页面
2020-03-07 17:00:18,471 shopping_car_page.py[line:24] INFO 该商品在购物车内
2020-03-07 17:00:18,627 shopping_car_page.py[line:37] INFO 获取该商品在购物车的购物车ID
2020-03-07 17:00:18,815 shopping_car_page.py[line:47] INFO 打开购物车页面
2020-03-07 17:00:19,174 shopping_car_page.py[line:51] INFO 在购物车内根据ID删除对应商品
2020-03-07 17:00:40,002 shopping_car_page.py[line:59] INFO 删除成功
2020-03-07 17:00:40,159 test_shopping_car.py[line:47] INFO 结束：测试商品添加至购物车，从购物车内删除，查看商品是否被删除
2020-03-07 17:00:40,159 test_shopping_car.py[line:29] INFO 结束测试购物车模块
2020-03-07 17:10:50,802 test_shopping_car.py[line:17] INFO 开始测试购物车模块
2020-03-07 17:10:50,802 driver.py[line:16] INFO 启动火狐浏览器
2020-03-07 17:11:11,900 test_shopping_car.py[line:33] INFO 开始：测试商品添加至购物车，在购物车内是否被显示
2020-03-07 17:11:11,900 goods_page.py[line:39] INFO 打开商品详情页
2020-03-07 17:11:13,449 goods_page.py[line:25] INFO 增加商品1件
2020-03-07 17:11:15,770 goods_page.py[line:31] INFO 点击添加购物车
2020-03-07 17:11:15,880 shopping_car_page.py[line:16] INFO 打开购物车页面
2020-03-07 17:11:16,473 shopping_car_page.py[line:24] INFO 该商品在购物车内
2020-03-07 17:11:16,692 test_shopping_car.py[line:38] INFO 结束：测试商品添加至购物车，在购物车内是否被显示
2020-03-07 17:11:16,692 test_shopping_car.py[line:41] INFO 开始：测试商品添加至购物车，从购物车内删除，查看商品是否被删除
2020-03-07 17:11:16,692 goods_page.py[line:39] INFO 打开商品详情页
2020-03-07 17:11:17,333 goods_page.py[line:25] INFO 增加商品1件
2020-03-07 17:11:19,676 goods_page.py[line:31] INFO 点击添加购物车
2020-03-07 17:11:19,786 shopping_car_page.py[line:16] INFO 打开购物车页面
2020-03-07 17:11:20,395 shopping_car_page.py[line:24] INFO 该商品在购物车内
2020-03-07 17:11:20,551 shopping_car_page.py[line:37] INFO 获取该商品在购物车的购物车ID
2020-03-07 17:11:20,833 shopping_car_page.py[line:47] INFO 打开购物车页面
2020-03-07 17:11:21,223 shopping_car_page.py[line:51] INFO 在购物车内根据ID删除对应商品
2020-03-07 17:11:41,692 shopping_car_page.py[line:59] INFO 删除成功
2020-03-07 17:11:41,911 test_shopping_car.py[line:47] INFO 结束：测试商品添加至购物车，从购物车内删除，查看商品是否被删除
2020-03-07 17:11:41,911 test_shopping_car.py[line:29] INFO 结束测试购物车模块
2020-03-07 17:13:08,381 test_shopping_car.py[line:17] INFO 开始测试购物车模块
2020-03-07 17:13:08,381 driver.py[line:16] INFO 启动火狐浏览器
2020-03-07 17:13:28,987 test_shopping_car.py[line:33] INFO 开始：测试商品添加至购物车，在购物车内是否被显示
2020-03-07 17:13:28,987 goods_page.py[line:39] INFO 打开商品详情页
2020-03-07 17:13:31,421 goods_page.py[line:25] INFO 增加商品1件
2020-03-07 17:13:33,702 goods_page.py[line:31] INFO 点击添加购物车
2020-03-07 17:13:33,796 shopping_car_page.py[line:16] INFO 打开购物车页面
2020-03-07 17:13:34,483 shopping_car_page.py[line:24] INFO 该商品在购物车内
2020-03-07 17:13:34,686 test_shopping_car.py[line:38] INFO 结束：测试商品添加至购物车，在购物车内是否被显示
2020-03-07 17:13:34,686 test_shopping_car.py[line:41] INFO 开始：测试商品添加至购物车，从购物车内删除，查看商品是否被删除
2020-03-07 17:13:34,686 goods_page.py[line:39] INFO 打开商品详情页
2020-03-07 17:13:35,389 goods_page.py[line:25] INFO 增加商品1件
2020-03-07 17:13:37,686 goods_page.py[line:31] INFO 点击添加购物车
2020-03-07 17:13:37,764 shopping_car_page.py[line:16] INFO 打开购物车页面
2020-03-07 17:13:38,811 shopping_car_page.py[line:24] INFO 该商品在购物车内
2020-03-07 17:13:38,999 shopping_car_page.py[line:37] INFO 获取该商品在购物车的购物车ID
2020-03-07 17:13:39,186 shopping_car_page.py[line:47] INFO 打开购物车页面
2020-03-07 17:13:39,577 shopping_car_page.py[line:51] INFO 在购物车内根据ID删除对应商品
2020-03-07 17:14:00,091 shopping_car_page.py[line:59] INFO 删除成功
2020-03-07 17:14:00,248 test_shopping_car.py[line:47] INFO 结束：测试商品添加至购物车，从购物车内删除，查看商品是否被删除
2020-03-07 17:14:00,248 test_shopping_car.py[line:29] INFO 结束测试购物车模块
2020-03-07 17:17:21,687 test_shopping_car.py[line:17] INFO 开始测试购物车模块
2020-03-07 17:17:21,687 driver.py[line:16] INFO 启动火狐浏览器
2020-03-07 17:17:46,230 test_shopping_car.py[line:33] INFO 开始：测试商品添加至购物车，在购物车内是否被显示
2020-03-07 17:17:46,231 goods_page.py[line:39] INFO 打开商品详情页
2020-03-07 17:17:52,768 goods_page.py[line:25] INFO 增加商品1件
2020-03-07 17:17:55,081 goods_page.py[line:31] INFO 点击添加购物车
2020-03-07 17:17:55,159 shopping_car_page.py[line:16] INFO 打开购物车页面
2020-03-07 17:17:55,877 shopping_car_page.py[line:24] INFO 该商品在购物车内
2020-03-07 17:17:56,049 test_shopping_car.py[line:38] INFO 结束：测试商品添加至购物车，在购物车内是否被显示
2020-03-07 17:17:56,049 test_shopping_car.py[line:41] INFO 开始：测试商品添加至购物车，从购物车内删除，查看商品是否被删除
2020-03-07 17:17:56,049 goods_page.py[line:39] INFO 打开商品详情页
2020-03-07 17:17:56,627 goods_page.py[line:25] INFO 增加商品1件
2020-03-07 17:17:58,924 goods_page.py[line:31] INFO 点击添加购物车
2020-03-07 17:17:58,987 shopping_car_page.py[line:16] INFO 打开购物车页面
2020-03-07 17:17:59,534 shopping_car_page.py[line:24] INFO 该商品在购物车内
2020-03-07 17:17:59,690 shopping_car_page.py[line:37] INFO 获取该商品在购物车的购物车ID
2020-03-07 17:17:59,893 shopping_car_page.py[line:47] INFO 打开购物车页面
2020-03-07 17:18:00,752 shopping_car_page.py[line:51] INFO 在购物车内根据ID删除对应商品
2020-03-07 17:18:21,346 shopping_car_page.py[line:59] INFO 删除成功
2020-03-07 17:18:21,471 test_shopping_car.py[line:47] INFO 结束：测试商品添加至购物车，从购物车内删除，查看商品是否被删除
2020-03-07 17:18:21,471 test_shopping_car.py[line:29] INFO 结束测试购物车模块
2020-03-07 17:24:22,947 test_shopping_car.py[line:17] INFO 开始测试购物车模块
2020-03-07 17:24:22,962 driver.py[line:16] INFO 启动火狐浏览器
2020-03-07 17:24:45,429 test_shopping_car.py[line:33] INFO 开始：测试商品添加至购物车，在购物车内是否被显示
2020-03-07 17:24:45,430 goods_page.py[line:39] INFO 打开商品详情页
2020-03-07 17:24:47,774 goods_page.py[line:25] INFO 增加商品1件
2020-03-07 17:24:50,036 goods_page.py[line:31] INFO 点击添加购物车
2020-03-07 17:24:50,567 shopping_car_page.py[line:16] INFO 打开购物车页面
2020-03-07 17:24:51,536 shopping_car_page.py[line:24] INFO 该商品在购物车内
2020-03-07 17:24:51,723 test_shopping_car.py[line:38] INFO 结束：测试商品添加至购物车，在购物车内是否被显示
2020-03-07 17:24:51,723 test_shopping_car.py[line:41] INFO 开始：测试商品添加至购物车，从购物车内删除，查看商品是否被删除
2020-03-07 17:24:51,723 goods_page.py[line:39] INFO 打开商品详情页
2020-03-07 17:24:53,598 goods_page.py[line:25] INFO 增加商品1件
2020-03-07 17:24:55,879 goods_page.py[line:31] INFO 点击添加购物车
2020-03-07 17:24:55,942 shopping_car_page.py[line:16] INFO 打开购物车页面
2020-03-07 17:24:56,504 shopping_car_page.py[line:24] INFO 该商品在购物车内
2020-03-07 17:24:56,661 shopping_car_page.py[line:37] INFO 获取该商品在购物车的购物车ID
2020-03-07 17:24:56,864 shopping_car_page.py[line:47] INFO 打开购物车页面
2020-03-07 17:24:57,301 shopping_car_page.py[line:51] INFO 在购物车内根据ID删除对应商品
2020-03-07 17:25:17,786 shopping_car_page.py[line:59] INFO 删除成功
2020-03-07 17:25:17,926 test_shopping_car.py[line:47] INFO 结束：测试商品添加至购物车，从购物车内删除，查看商品是否被删除
2020-03-07 17:25:17,926 test_shopping_car.py[line:29] INFO 结束测试购物车模块
2020-03-07 17:26:02,943 test_shopping_car.py[line:17] INFO 开始测试购物车模块
2020-03-07 17:26:02,943 driver.py[line:16] INFO 启动火狐浏览器
2020-03-07 17:26:24,518 test_shopping_car.py[line:33] INFO 开始：测试商品添加至购物车，在购物车内是否被显示
2020-03-07 17:26:24,519 goods_page.py[line:39] INFO 打开商品详情页
2020-03-07 17:26:27,457 goods_page.py[line:25] INFO 增加商品1件
2020-03-07 17:26:29,738 goods_page.py[line:31] INFO 点击添加购物车
2020-03-07 17:26:29,832 shopping_car_page.py[line:16] INFO 打开购物车页面
2020-03-07 17:26:30,426 shopping_car_page.py[line:24] INFO 该商品在购物车内
2020-03-07 17:26:30,613 test_shopping_car.py[line:38] INFO 结束：测试商品添加至购物车，在购物车内是否被显示
2020-03-07 17:26:30,613 test_shopping_car.py[line:41] INFO 开始：测试商品添加至购物车，从购物车内删除，查看商品是否被删除
2020-03-07 17:26:30,613 goods_page.py[line:39] INFO 打开商品详情页
2020-03-07 17:26:31,254 goods_page.py[line:25] INFO 增加商品1件
2020-03-07 17:26:33,567 goods_page.py[line:31] INFO 点击添加购物车
2020-03-07 17:26:33,660 shopping_car_page.py[line:16] INFO 打开购物车页面
2020-03-07 17:26:34,160 shopping_car_page.py[line:24] INFO 该商品在购物车内
2020-03-07 17:26:34,348 shopping_car_page.py[line:37] INFO 获取该商品在购物车的购物车ID
2020-03-07 17:26:34,551 shopping_car_page.py[line:47] INFO 打开购物车页面
2020-03-07 17:26:34,910 shopping_car_page.py[line:51] INFO 在购物车内根据ID删除对应商品
2020-03-07 17:26:55,332 shopping_car_page.py[line:59] INFO 删除成功
2020-03-07 17:26:55,504 test_shopping_car.py[line:47] INFO 结束：测试商品添加至购物车，从购物车内删除，查看商品是否被删除
2020-03-07 17:26:55,504 test_shopping_car.py[line:29] INFO 结束测试购物车模块
2020-03-07 17:28:40,771 test_shopping_car.py[line:17] INFO 开始测试购物车模块
2020-03-07 17:28:40,771 driver.py[line:16] INFO 启动火狐浏览器
2020-03-07 17:29:04,361 test_shopping_car.py[line:33] INFO 开始：测试商品添加至购物车，在购物车内是否被显示
2020-03-07 17:29:04,361 goods_page.py[line:39] INFO 打开商品详情页
2020-03-07 17:29:05,939 goods_page.py[line:25] INFO 增加商品1件
2020-03-07 17:29:08,252 goods_page.py[line:31] INFO 点击添加购物车
2020-03-07 17:29:08,361 shopping_car_page.py[line:16] INFO 打开购物车页面
2020-03-07 17:29:08,939 shopping_car_page.py[line:24] INFO 该商品在购物车内
2020-03-07 17:29:08,955 shopping_car_page.py[line:28] ERROR 该商品不在购物车内
2020-03-07 17:29:08,955 test_shopping_car.py[line:41] INFO 开始：测试商品添加至购物车，从购物车内删除，查看商品是否被删除
2020-03-07 17:29:08,955 goods_page.py[line:39] INFO 打开商品详情页
2020-03-07 17:29:09,455 goods_page.py[line:25] INFO 增加商品1件
2020-03-07 17:29:11,752 goods_page.py[line:31] INFO 点击添加购物车
2020-03-07 17:29:11,846 shopping_car_page.py[line:16] INFO 打开购物车页面
2020-03-07 17:29:13,580 shopping_car_page.py[line:24] INFO 该商品在购物车内
2020-03-07 17:29:13,580 shopping_car_page.py[line:28] ERROR 该商品不在购物车内
2020-03-07 17:29:13,596 test_shopping_car.py[line:29] INFO 结束测试购物车模块
2020-03-07 17:30:08,815 test_shopping_car.py[line:17] INFO 开始测试购物车模块
2020-03-07 17:30:08,815 driver.py[line:16] INFO 启动火狐浏览器
2020-03-07 17:30:29,675 test_shopping_car.py[line:33] INFO 开始：测试商品添加至购物车，在购物车内是否被显示
2020-03-07 17:30:29,675 goods_page.py[line:39] INFO 打开商品详情页
2020-03-07 17:30:31,659 goods_page.py[line:25] INFO 增加商品1件
2020-03-07 17:30:33,940 goods_page.py[line:31] INFO 点击添加购物车
2020-03-07 17:30:34,018 shopping_car_page.py[line:16] INFO 打开购物车页面
2020-03-07 17:30:34,628 shopping_car_page.py[line:24] INFO 该商品在购物车内
2020-03-07 17:30:34,800 test_shopping_car.py[line:38] INFO 结束：测试商品添加至购物车，在购物车内是否被显示
2020-03-07 17:30:34,800 test_shopping_car.py[line:41] INFO 开始：测试商品添加至购物车，从购物车内删除，查看商品是否被删除
2020-03-07 17:30:34,800 goods_page.py[line:39] INFO 打开商品详情页
2020-03-07 17:30:35,362 goods_page.py[line:25] INFO 增加商品1件
2020-03-07 17:30:37,675 goods_page.py[line:31] INFO 点击添加购物车
2020-03-07 17:30:37,737 shopping_car_page.py[line:16] INFO 打开购物车页面
2020-03-07 17:30:38,268 shopping_car_page.py[line:24] INFO 该商品在购物车内
2020-03-07 17:30:38,440 shopping_car_page.py[line:37] INFO 获取该商品在购物车的购物车ID
2020-03-07 17:30:38,659 shopping_car_page.py[line:47] INFO 打开购物车页面
2020-03-07 17:30:39,034 shopping_car_page.py[line:51] INFO 在购物车内根据ID删除对应商品
2020-03-07 17:30:59,487 shopping_car_page.py[line:59] INFO 删除成功
2020-03-07 17:30:59,612 test_shopping_car.py[line:47] INFO 结束：测试商品添加至购物车，从购物车内删除，查看商品是否被删除
2020-03-07 17:30:59,612 test_shopping_car.py[line:29] INFO 结束测试购物车模块
2020-03-07 17:37:03,033 test_shopping_car.py[line:17] INFO 开始测试购物车模块
2020-03-07 17:37:03,033 driver.py[line:16] INFO 启动火狐浏览器
2020-03-07 17:37:25,963 test_shopping_car.py[line:33] INFO 开始：测试商品添加至购物车，在购物车内是否被显示
2020-03-07 17:37:25,963 goods_page.py[line:39] INFO 打开商品详情页
2020-03-07 17:37:32,541 goods_page.py[line:25] INFO 增加商品1件
2020-03-07 17:37:34,900 goods_page.py[line:31] INFO 点击添加购物车
2020-03-07 17:37:34,978 shopping_car_page.py[line:16] INFO 打开购物车页面
2020-03-07 17:37:35,572 shopping_car_page.py[line:24] INFO 该商品在购物车内
2020-03-07 17:37:35,744 test_shopping_car.py[line:38] INFO 结束：测试商品添加至购物车，在购物车内是否被显示
2020-03-07 17:37:35,744 test_shopping_car.py[line:41] INFO 开始：测试商品添加至购物车，从购物车内删除，查看商品是否被删除
2020-03-07 17:37:35,744 goods_page.py[line:39] INFO 打开商品详情页
2020-03-07 17:37:36,400 goods_page.py[line:25] INFO 增加商品1件
2020-03-07 17:37:38,682 goods_page.py[line:31] INFO 点击添加购物车
2020-03-07 17:37:38,775 shopping_car_page.py[line:16] INFO 打开购物车页面
2020-03-07 17:37:39,541 shopping_car_page.py[line:24] INFO 该商品在购物车内
2020-03-07 17:37:39,697 shopping_car_page.py[line:37] INFO 获取该商品在购物车的购物车ID
2020-03-07 17:37:39,932 shopping_car_page.py[line:47] INFO 打开购物车页面
2020-03-07 17:37:40,322 shopping_car_page.py[line:51] INFO 在购物车内根据ID删除对应商品
2020-03-07 17:38:00,791 shopping_car_page.py[line:59] INFO 删除成功
2020-03-07 17:38:00,932 test_shopping_car.py[line:47] INFO 结束：测试商品添加至购物车，从购物车内删除，查看商品是否被删除
2020-03-07 17:38:00,932 test_shopping_car.py[line:29] INFO 结束测试购物车模块
2020-03-07 17:40:04,417 test_shopping_car.py[line:17] INFO 开始测试购物车模块
2020-03-07 17:40:04,417 driver.py[line:16] INFO 启动火狐浏览器
2020-03-07 17:40:25,089 test_shopping_car.py[line:33] INFO 开始：测试商品添加至购物车，在购物车内是否被显示
2020-03-07 17:40:25,089 goods_page.py[line:39] INFO 打开商品详情页
2020-03-07 17:40:26,668 goods_page.py[line:25] INFO 增加商品1件
2020-03-07 17:40:33,136 goods_page.py[line:31] INFO 点击添加购物车
2020-03-07 17:40:33,215 shopping_car_page.py[line:16] INFO 打开购物车页面
2020-03-07 17:40:33,886 shopping_car_page.py[line:24] INFO 该商品在购物车内
2020-03-07 17:40:34,058 test_shopping_car.py[line:38] INFO 结束：测试商品添加至购物车，在购物车内是否被显示
2020-03-07 17:40:34,058 test_shopping_car.py[line:41] INFO 开始：测试商品添加至购物车，从购物车内删除，查看商品是否被删除
2020-03-07 17:40:34,058 goods_page.py[line:39] INFO 打开商品详情页
2020-03-07 17:40:34,808 goods_page.py[line:25] INFO 增加商品1件
2020-03-07 17:40:37,074 goods_page.py[line:31] INFO 点击添加购物车
2020-03-07 17:40:37,136 shopping_car_page.py[line:16] INFO 打开购物车页面
2020-03-07 17:40:37,808 shopping_car_page.py[line:24] INFO 该商品在购物车内
2020-03-07 17:40:37,965 shopping_car_page.py[line:37] INFO 获取该商品在购物车的购物车ID
2020-03-07 17:40:38,152 shopping_car_page.py[line:47] INFO 打开购物车页面
2020-03-07 17:40:38,496 shopping_car_page.py[line:51] INFO 在购物车内根据ID删除对应商品
2020-03-07 17:40:58,934 shopping_car_page.py[line:59] INFO 删除成功
2020-03-07 17:40:59,059 test_shopping_car.py[line:47] INFO 结束：测试商品添加至购物车，从购物车内删除，查看商品是否被删除
2020-03-07 17:40:59,059 test_shopping_car.py[line:29] INFO 结束测试购物车模块
2020-03-07 17:46:34,055 test_shopping_car.py[line:17] INFO 开始测试购物车模块
2020-03-07 17:46:34,055 driver.py[line:16] INFO 启动火狐浏览器
2020-03-07 17:46:58,482 test_shopping_car.py[line:33] INFO 开始：测试商品添加至购物车，在购物车内是否被显示
2020-03-07 17:46:58,483 goods_page.py[line:39] INFO 打开商品详情页
2020-03-07 17:47:00,157 goods_page.py[line:25] INFO 增加商品1件
2020-03-07 17:47:02,516 goods_page.py[line:31] INFO 点击添加购物车
2020-03-07 17:47:02,578 shopping_car_page.py[line:16] INFO 打开购物车页面
2020-03-07 17:47:03,688 shopping_car_page.py[line:24] INFO 该商品在购物车内
2020-03-07 17:47:03,922 test_shopping_car.py[line:38] INFO 结束：测试商品添加至购物车，在购物车内是否被显示
2020-03-07 17:47:03,922 test_shopping_car.py[line:41] INFO 开始：测试商品添加至购物车，从购物车内删除，查看商品是否被删除
2020-03-07 17:47:03,922 goods_page.py[line:39] INFO 打开商品详情页
2020-03-07 17:47:04,672 goods_page.py[line:25] INFO 增加商品1件
2020-03-07 17:47:07,016 goods_page.py[line:31] INFO 点击添加购物车
2020-03-07 17:47:07,078 shopping_car_page.py[line:16] INFO 打开购物车页面
2020-03-07 17:47:07,672 shopping_car_page.py[line:24] INFO 该商品在购物车内
2020-03-07 17:47:07,875 shopping_car_page.py[line:37] INFO 获取该商品在购物车的购物车ID
2020-03-07 17:47:08,172 shopping_car_page.py[line:47] INFO 打开购物车页面
2020-03-07 17:47:08,922 shopping_car_page.py[line:51] INFO 在购物车内根据ID删除对应商品
2020-03-07 17:47:29,469 shopping_car_page.py[line:59] INFO 删除成功
2020-03-07 17:47:29,657 test_shopping_car.py[line:47] INFO 结束：测试商品添加至购物车，从购物车内删除，查看商品是否被删除
2020-03-07 17:47:29,657 test_shopping_car.py[line:29] INFO 结束测试购物车模块
2020-03-07 18:14:39,453 test_shopping_car.py[line:17] INFO 开始测试购物车模块
2020-03-07 18:14:39,500 driver.py[line:16] INFO 启动火狐浏览器
2020-03-07 18:15:22,641 test_shopping_car.py[line:52] INFO 开始：测试添加3件商品添加至购物车，从购物车内查看商品是否存在3件
2020-03-07 18:15:22,657 goods_page.py[line:39] INFO 打开商品详情页
2020-03-07 18:15:24,157 goods_page.py[line:25] INFO 增加商品2件
2020-03-07 18:15:26,501 goods_page.py[line:25] INFO 增加商品1件
2020-03-07 18:15:28,750 goods_page.py[line:31] INFO 点击添加购物车
2020-03-07 18:15:28,891 shopping_car_page.py[line:15] INFO 打开购物车页面
2020-03-07 18:15:30,219 shopping_car_page.py[line:23] INFO 该商品在购物车内
2020-03-07 18:15:30,219 shopping_car_page.py[line:36] INFO 获取该商品在购物车的购物车ID
2020-03-07 18:15:30,282 test_shopping_car.py[line:29] INFO 结束测试购物车模块
2020-03-07 18:20:37,955 test_shopping_car.py[line:17] INFO 开始测试购物车模块
2020-03-07 18:20:37,955 driver.py[line:16] INFO 启动火狐浏览器
2020-03-07 18:21:00,373 test_shopping_car.py[line:52] INFO 开始：测试添加3件商品添加至购物车，从购物车内查看商品是否存在3件
2020-03-07 18:21:00,374 goods_page.py[line:39] INFO 打开商品详情页
2020-03-07 18:21:01,884 goods_page.py[line:24] INFO 点击增加商品2件，共3件
2020-03-07 18:21:06,431 goods_page.py[line:31] INFO 点击添加购物车
2020-03-07 18:21:06,509 shopping_car_page.py[line:15] INFO 打开购物车页面
2020-03-07 18:21:07,056 shopping_car_page.py[line:23] INFO 该商品在购物车内
2020-03-07 18:21:07,072 shopping_car_page.py[line:36] INFO 获取该商品在购物车的购物车ID
2020-03-07 18:21:07,118 test_shopping_car.py[line:58] INFO 结束：测试添加3件商品添加至购物车，从购物车内查看商品是否存在3件
2020-03-07 18:21:07,118 test_shopping_car.py[line:29] INFO 结束测试购物车模块
2020-03-07 19:14:52,262 test_shopping_car.py[line:17] INFO 开始测试购物车模块
2020-03-07 19:14:52,325 driver.py[line:16] INFO 启动火狐浏览器
2020-03-07 19:15:41,538 test_shopping_car.py[line:62] INFO 开始：测试未登录时点击购物车，跳转到用户登录页面
2020-03-07 19:15:41,835 test_shopping_car.py[line:29] INFO 结束测试购物车模块
2020-03-07 19:26:48,633 test_shopping_car.py[line:17] INFO 开始测试购物车模块
2020-03-07 19:26:48,633 driver.py[line:16] INFO 启动火狐浏览器
2020-03-07 19:27:17,815 test_shopping_car.py[line:62] INFO 开始：测试未登录时点击购物车，跳转到用户登录页面
2020-03-07 19:27:26,930 shopping_car_page.py[line:15] INFO 打开购物车页面
2020-03-07 19:27:27,789 test_shopping_car.py[line:29] INFO 结束测试购物车模块
2020-03-07 19:28:12,524 test_shopping_car.py[line:17] INFO 开始测试购物车模块
2020-03-07 19:28:12,524 driver.py[line:16] INFO 启动火狐浏览器
2020-03-07 19:28:57,660 test_shopping_car.py[line:62] INFO 开始：测试未登录时点击购物车，跳转到用户登录页面
2020-03-07 19:29:06,924 shopping_car_page.py[line:15] INFO 打开购物车页面
2020-03-07 19:29:07,830 login_page.py[line:45] INFO 存在登录按钮
2020-03-07 19:29:07,830 test_shopping_car.py[line:67] INFO 结束：测试未登录时点击购物车，跳转到用户登录页面
2020-03-07 19:29:07,830 test_shopping_car.py[line:29] INFO 结束测试购物车模块
2020-03-07 20:04:18,909 test_shopping_car.py[line:17] INFO 开始测试购物车模块
2020-03-07 20:04:18,909 driver.py[line:16] INFO 启动火狐浏览器
2020-03-07 20:04:42,345 test_shopping_car.py[line:71] INFO 开始：测试商品在未勾选的状态下，结算按钮点击时弹出提示按钮"请选择商品"
2020-03-07 20:04:42,347 goods_page.py[line:39] INFO 打开商品详情页
2020-03-07 20:04:44,505 goods_page.py[line:24] INFO 点击增加商品1件，共2件
2020-03-07 20:04:46,790 goods_page.py[line:31] INFO 点击添加购物车
2020-03-07 20:04:46,946 shopping_car_page.py[line:16] INFO 打开购物车页面
2020-03-07 20:04:47,946 shopping_car_page.py[line:18] INFO 打开购物车页面成功
2020-03-07 20:04:48,149 test_shopping_car.py[line:29] INFO 结束测试购物车模块
2020-03-07 20:07:16,032 test_shopping_car.py[line:17] INFO 开始测试购物车模块
2020-03-07 20:07:16,032 driver.py[line:16] INFO 启动火狐浏览器
2020-03-07 20:07:40,467 test_shopping_car.py[line:71] INFO 开始：测试商品在未勾选的状态下，结算按钮点击时弹出提示按钮"请选择商品"
2020-03-07 20:07:40,468 goods_page.py[line:39] INFO 打开商品详情页
2020-03-07 20:07:42,963 goods_page.py[line:24] INFO 点击增加商品1件，共2件
2020-03-07 20:07:45,292 goods_page.py[line:31] INFO 点击添加购物车
2020-03-07 20:07:45,417 shopping_car_page.py[line:16] INFO 打开购物车页面
2020-03-07 20:07:46,136 shopping_car_page.py[line:18] INFO 打开购物车页面成功
2020-03-07 20:07:46,292 shopping_car_page.py[line:87] INFO 弹窗弹出"请选择商品"
2020-03-07 20:07:46,308 test_shopping_car.py[line:76] INFO 结束：测试商品在未勾选的状态下，结算按钮点击时弹出提示按钮"请选择商品"
2020-03-07 20:07:46,308 test_shopping_car.py[line:29] INFO 结束测试购物车模块
2020-03-07 22:24:18,402 run_main.py[line:19] INFO 开始写报告
2020-03-07 22:24:18,402 run_main.py[line:22] INFO 运行测试用例
2020-03-07 22:24:18,402 test_login.py[line:13] INFO 开始测试登录模块
2020-03-07 22:24:18,418 driver.py[line:16] INFO 启动火狐浏览器
2020-03-07 22:24:35,246 test_login.py[line:42] INFO 开始测试登录失败的第1条用例
2020-03-07 22:24:40,246 test_login.py[line:19] INFO 结束测试登录模块
2020-03-07 22:24:50,137 test_login.py[line:13] INFO 开始测试登录模块
2020-03-07 22:24:50,152 driver.py[line:16] INFO 启动火狐浏览器
2020-03-07 22:25:06,903 test_login.py[line:42] INFO 开始测试登录失败的第2条用例
2020-03-07 22:25:11,919 test_login.py[line:19] INFO 结束测试登录模块
2020-03-07 22:25:21,282 test_login.py[line:13] INFO 开始测试登录模块
2020-03-07 22:25:21,282 driver.py[line:16] INFO 启动火狐浏览器
2020-03-07 22:25:36,751 test_login.py[line:42] INFO 开始测试登录失败的第3条用例
2020-03-07 22:25:41,214 test_login.py[line:19] INFO 结束测试登录模块
2020-03-07 22:25:50,631 test_login.py[line:13] INFO 开始测试登录模块
2020-03-07 22:25:50,631 driver.py[line:16] INFO 启动火狐浏览器
2020-03-07 22:26:27,147 test_login.py[line:42] INFO 开始测试登录失败的第4条用例
2020-03-07 22:26:30,275 test_login.py[line:19] INFO 结束测试登录模块
2020-03-07 22:26:38,155 test_login.py[line:13] INFO 开始测试登录模块
2020-03-07 22:26:38,155 driver.py[line:16] INFO 启动火狐浏览器
2020-03-07 22:27:08,956 test_login.py[line:28] INFO 开始测试登录成功的第1条用例
2020-03-07 22:27:11,028 test_login.py[line:19] INFO 结束测试登录模块
2020-03-07 22:27:17,544 test_register.py[line:13] INFO 开始测试注册模块
2020-03-07 22:27:17,544 driver.py[line:16] INFO 启动火狐浏览器
2020-03-07 22:27:32,669 test_register.py[line:30] INFO 开始测试注册的第1条用例
2020-03-07 22:27:39,825 test_register.py[line:19] INFO 结束测试注册模块
2020-03-07 22:27:53,466 test_register.py[line:13] INFO 开始测试注册模块
2020-03-07 22:27:53,466 driver.py[line:16] INFO 启动火狐浏览器
2020-03-07 22:28:07,123 test_register.py[line:30] INFO 开始测试注册的第2条用例
2020-03-07 22:28:11,654 test_register.py[line:19] INFO 结束测试注册模块
2020-03-07 22:28:21,357 test_register.py[line:13] INFO 开始测试注册模块
2020-03-07 22:28:21,357 driver.py[line:16] INFO 启动火狐浏览器
2020-03-07 22:28:36,138 test_register.py[line:30] INFO 开始测试注册的第3条用例
2020-03-07 22:28:40,624 test_register.py[line:19] INFO 结束测试注册模块
2020-03-07 22:28:51,886 test_shopping_car.py[line:17] INFO 开始测试购物车模块
2020-03-07 22:28:51,886 driver.py[line:16] INFO 启动火狐浏览器
2020-03-07 22:29:11,658 test_shopping_car.py[line:34] INFO 开始测试:商品添加至购物车，在购物车内是否被显示
2020-03-07 22:29:11,659 goods_page.py[line:39] INFO 打开商品详情页
2020-03-07 22:29:13,889 goods_page.py[line:24] INFO 点击增加商品1件，共2件
2020-03-07 22:29:16,161 goods_page.py[line:31] INFO 点击添加购物车
2020-03-07 22:29:16,240 shopping_car_page.py[line:26] INFO 打开购物车页面
2020-03-07 22:29:17,849 shopping_car_page.py[line:34] INFO 该商品在购物车内
2020-03-07 22:29:17,849 test_shopping_car.py[line:39] INFO 结束测试:商品添加至购物车，在购物车内是否被显示
2020-03-07 22:29:17,849 test_shopping_car.py[line:43] INFO 开始测试:商品添加至购物车，从购物车内删除，查看商品是否被删除
2020-03-07 22:29:17,849 goods_page.py[line:39] INFO 打开商品详情页
2020-03-07 22:29:18,302 goods_page.py[line:24] INFO 点击增加商品1件，共2件
2020-03-07 22:29:20,568 goods_page.py[line:31] INFO 点击添加购物车
2020-03-07 22:29:20,646 shopping_car_page.py[line:26] INFO 打开购物车页面
2020-03-07 22:29:21,130 shopping_car_page.py[line:34] INFO 该商品在购物车内
2020-03-07 22:29:21,130 shopping_car_page.py[line:47] INFO 获取该商品在购物车的购物车ID
2020-03-07 22:29:21,161 shopping_car_page.py[line:57] INFO 打开购物车页面
2020-03-07 22:29:21,505 shopping_car_page.py[line:61] INFO 在购物车内根据ID删除对应商品
2020-03-07 22:29:41,990 shopping_car_page.py[line:69] INFO 删除成功
2020-03-07 22:29:41,990 test_shopping_car.py[line:49] INFO 结束测试:商品添加至购物车，从购物车内删除，查看商品是否被删除
2020-03-07 22:29:41,990 test_shopping_car.py[line:53] INFO 开始测试:添加3件商品添加至购物车，从购物车内查看商品是否存在3件
2020-03-07 22:29:41,990 goods_page.py[line:39] INFO 打开商品详情页
2020-03-07 22:29:42,849 goods_page.py[line:24] INFO 点击增加商品2件，共3件
2020-03-07 22:29:47,365 goods_page.py[line:31] INFO 点击添加购物车
2020-03-07 22:29:47,427 shopping_car_page.py[line:26] INFO 打开购物车页面
2020-03-07 22:29:51,146 shopping_car_page.py[line:34] INFO 该商品在购物车内
2020-03-07 22:29:51,146 shopping_car_page.py[line:47] INFO 获取该商品在购物车的购物车ID
2020-03-07 22:30:11,224 test_shopping_car.py[line:63] INFO 开始测试:未登录时点击购物车，跳转到用户登录页面
2020-03-07 22:30:11,224 shopping_car_page.py[line:21] INFO 退出登录
2020-03-07 22:30:16,095 shopping_car_page.py[line:16] INFO 打开购物车页面
2020-03-07 22:30:16,942 shopping_car_page.py[line:18] INFO 打开购物车页面成功
2020-03-07 22:30:17,012 login_page.py[line:45] INFO 存在登录按钮
2020-03-07 22:30:17,013 test_shopping_car.py[line:68] INFO 结束测试:未登录时点击购物车，跳转到用户登录页面
2020-03-07 22:30:17,013 test_shopping_car.py[line:71] INFO 开始测试:商品在未勾选的状态下，结算按钮点击时弹出提示按钮"请选择商品"
2020-03-07 22:30:17,014 goods_page.py[line:39] INFO 打开商品详情页
2020-03-07 22:30:17,537 goods_page.py[line:24] INFO 点击增加商品1件，共2件
2020-03-07 22:30:19,865 goods_page.py[line:31] INFO 点击添加购物车
2020-03-07 22:30:19,959 shopping_car_page.py[line:16] INFO 打开购物车页面
2020-03-07 22:30:20,834 shopping_car_page.py[line:18] INFO 打开购物车页面成功
2020-03-07 22:30:40,850 test_shopping_car.py[line:29] INFO 结束测试购物车模块
2020-03-07 22:30:45,506 run_main.py[line:24] INFO 运行测试用例结束
2020-03-07 22:30:45,506 run_main.py[line:26] INFO 查找最新报告
2020-03-07 22:30:45,600 run_main.py[line:29] INFO 开始发送邮件
2020-03-07 22:30:49,928 run_main.py[line:31] INFO 邮件发送完毕
