1568798394728	mozrunner::runner	INFO	Running command: "C:\\Program Files\\Mozilla Firefox\\firefox.exe" "-marionette" "-foreground" "-no-remote" "-profile" "C:\\Users\\acer\\AppData\\Local\\Temp\\rust_mozprofile.3aBa8JjFN22r"
1568798401384	addons.webextension.screenshots@mozilla.org	WARN	Loading extension 'screenshots@mozilla.org': Reading manifest: Invalid extension permission: mozillaAddons
1568798401385	addons.webextension.screenshots@mozilla.org	WARN	Loading extension 'screenshots@mozilla.org': Reading manifest: Invalid extension permission: telemetry
1568798401386	addons.webextension.screenshots@mozilla.org	WARN	Loading extension 'screenshots@mozilla.org': Reading manifest: Invalid extension permission: resource://pdf.js/
1568798401408	addons.webextension.screenshots@mozilla.org	WARN	Loading extension 'screenshots@mozilla.org': Reading manifest: Invalid extension permission: about:reader*
console.error: "Could not write session state file " (new Error("_initWorker called too early! Please read the session file from disk first.", "resource:///modules/sessionstore/SessionFile.jsm", 334)) "_initWorker/<@resource:///modules/sessionstore/SessionFile.jsm:334:15\n_initWorker@resource:///modules/sessionstore/SessionFile.jsm:327:12\n_postToWorker@resource:///modules/sessionstore/SessionFile.jsm:351:16\nwrite@resource:///modules/sessionstore/SessionFile.jsm:390:24\nwrite@resource:///modules/sessionstore/SessionFile.jsm:63:32\n_writeState@resource:///modules/sessionstore/SessionSaver.jsm:354:24\n_saveState@resource:///modules/sessionstore/SessionSaver.jsm:292:17\n_saveStateAsync@resource:///modules/sessionstore/SessionSaver.jsm:338:10\nsaveStateAsyncWhenIdle@resource:///modules/sessionstore/SessionSaver.jsm:189:14\ncallback@resource://gre/modules/Timer.jsm:100:7\n"
1568798436061	Marionette	INFO	Listening on port 57083
1568798436821	Marionette	WARN	TLS certificate errors will be ignored for this session
[Parent 14548, Gecko_IOThread] WARNING: pipe error: 109: file z:/task_1563383129/build/src/ipc/chromium/src/chrome/common/ipc_channel_win.cc, line 341
[Parent 14548, Gecko_IOThread] WARNING: pipe error: 109: file z:/task_1563383129/build/src/ipc/chromium/src/chrome/common/ipc_channel_win.cc, line 341
[Parent 14548, Gecko_IOThread] WARNING: pipe error: 109: file z:/task_1563383129/build/src/ipc/chromium/src/chrome/common/ipc_channel_win.cc, line 341
[Child 10692, Chrome_ChildThread] WARNING: pipe error: 109: file z:/task_1563383129/build/src/ipc/chromium/src/chrome/common/ipc_channel_win.cc, line 341
[1568798455905	Marionette	INFO	Stopped listening on port 57083
[GPU 131583470347681	mozrunner::runner	INFO	Running command: "C:\\Program Files\\Mozilla Firefox\\firefox.exe" "-marionette" "-foreground" "-no-remote" "-profile" "C:\\Users\\acer\\AppData\\Local\\Temp\\rust_mozprofile.Vqb0g2tTUg49"
1583470353622	addons.webextension.screenshots@mozilla.org	WARN	Loading extension 'screenshots@mozilla.org': Reading manifest: Invalid extension permission: mozillaAddons
1583470353623	addons.webextension.screenshots@mozilla.org	WARN	Loading extension 'screenshots@mozilla.org': Reading manifest: Invalid extension permission: telemetry
1583470353623	addons.webextension.screenshots@mozilla.org	WARN	Loading extension 'screenshots@mozilla.org': Reading manifest: Invalid extension permission: resource://pdf.js/
1583470353624	addons.webextension.screenshots@mozilla.org	WARN	Loading extension 'screenshots@mozilla.org': Reading manifest: Invalid extension permission: about:reader*
1583470362054	Marionette	INFO	Listening on port 60658
1583470362365	Marionette	WARN	TLS certificate errors will be ignored for this session
console.error: BroadcastService: 
  receivedBroadcastMessage: handler for
  remote-settings/monitor_changes
  threw error:
  Message: Error: Polling for changes failed: http://%(server)s/dummy/blocklist//buckets/monitor/collections/changes/records?_expected=%221583444363436%22 is not a valid URL..
  Stack:
    remoteSettingsFunction/remoteSettings.pollChanges@resource://services-settings/remote-settings.js:201:13

[Parent 14124, Gecko_IOThread] WARNING: pipe error: 109: file z:/task_1563383129/build/src/ipc/chromium/src/chrome/common/ipc_channel_win.cc, line 341
[Parent 14124, Gecko_IOThread] WARNING: pipe error: 109: file z:/task_1563383129/build/src/ipc/chromium/src/chrome/common/ipc_channel_win.cc, line 341
[Child 16004, Chrome_ChildThread] WARNING: pipe error: 109: file z:/task_1563383129/build/src/ipc/chromium/src/chrome/common/ipc_channel_win.cc, line 341
[[Parent 14124, Gecko_IOThread] WARNING: pipe error: 109: file z:/task_1563383129/build/src/ipc/chromium/src/chrome/common/ipc_channel_win.cc, line 341
[Child 5164, Chrome_ChildThread] WARNING: pipe error: 109: file z:/task_1563383129/build/src/ipc/chromium/src/chrome/common/ipc_channel_win.cc, line 341
[1583471195488	Marionette	INFO	Stopped listening on port 60658
[
###!!! [Child][MessageChannel::SendAndWait] Error: Channel error: cannot send/recv

tocol error: Handler returned error code!

###!!! [Parent][DispatchAsyncMessage] Error: PLayerTransaction::Msg_ReleaseLayer Processing error: message was deserialized, but the handler returned false (indicating failure)

IPDL protocol error: Handler returned error code!

###!!! [Parent][DispatchAsyncMessage] Error: PLayerTransaction::Msg_ReleaseLayer Processing error: message was deserialized, but the handler returned false (indicating failure)

IPDL protocol error: Handler returned error code!

###!!! [Parent][DispatchAsyncMessage] Error: PLayerTransaction::Msg_ReleaseLayer Processing error: message was deserialized, but the handler returned false (indicating failure)

IPDL protocol error: Handler returned error code!

###!!! [Parent][DispatchAsyncMessage] Error: PLayerTransaction::Msg_ReleaseLayer Processing error: message was deserialized, but the handler returned false (indicating failure)

IPDL protocol error: Handler returned error code!

###!!! [Parent][DispatchAsyncMessage] Error: PLayerTransaction::Msg_ReleaseLayer Processing error: message was deserialized, but the handler returned false (indicating failure)

[Child 23912, Chrome_ChildThread] WARNING: pipe error: 109: file z:/task_1563383129/build/src/ipc/chromium/src/chrome/common/ipc_channel_win.cc, line 341
[Chil[Parent 23032, Gecko_IOThread] WARNING: pipe error: 109: file z:/task_1563383129/build/src/ipc/chromium/src/chrome/common/ipc_channel_win.cc, line 341
[Child 23660, Chrome_ChildThread] WARNING: pipe error: 109: file z:/task_1563383129/build/src/ipc/chromium/src/chrome/common/ipc_channel_win.cc, line 341
[1583470972148	addons.xpi-utils	WARN	Error: XPI database modified after shutdown began(resource://gre/modules/addons/XPIDatabase.jsm:1326:17) JS Stack trace: saveChanges@XPIDatabase.jsm:1326:17
makeAddonVisible@XPIDatabase.jsm:2067:10
addToDatabase@XPIDatabase.jsm:1996:12
install@XPIInstall.jsm:3857:27
_activateAddon@XPIInstall.jsm:3876:7
1583470972148	addons.xpi-utils	WARN	Error: XPI database modified after shutdown began(resource://gre/modules/addons/XPIDatabase.jsm:1326:17) JS Stack trace: saveChanges@XPIDatabase.jsm:1326:17
addToDatabase@XPIDatabase.jsm:1999:10
install@XPIInstall.jsm:3857:27
_activateAddon@XPIInstall.jsm:3876:7
1583470972151	addons.xpi-utils	WARN	Error: XPI database modified after shutdown began(resource://gre/modules/addons/XPIDatabase.jsm:1326:17) JS Stack trace: saveChanges@XPIDatabase.jsm:1326:17
syncWithDB@XPIProvider.jsm:640:25
addAddon@XPIProvider.jsm:773:14
addAddon@XPIProvider.jsm:1546:21
install@XPIInstall.jsm:3859:17
_activateAddon@XPIInstall.jsm:3876:7
1583470972203	addons.xpi-utils	WARN	Error: XPI database modified after shutdown began(resource://gre/modules/addons/XPIDatabase.jsm:1326:17) JS Stack trace: saveChanges@XPIDatabase.jsm:1326:17
makeAddonVisible@XPIDatabase.jsm:2067:10
addToDatabase@XPIDatabase.jsm:1996:12
install@XPIInstall.jsm:3857:27
_activateAddon@XPIInstall.jsm:3876:7
1583470972204	addons.xpi-utils	WARN	Error: XPI database modified after shutdown began(resource://gre/modules/addons/XPIDatabase.jsm:1326:17) JS Stack trace: saveChanges@XPIDatabase.jsm:1326:17
addToDatabase@XPIDatabase.jsm:1999:10
install@XPIInstall.jsm:3857:27
_activateAddon@XPIInstall.jsm:3876:7
1583470972205	addons.xpi-utils	WARN	Error: XPI database modified after shutdown began(resource://gre/modules/addons/XPIDatabase.jsm:1326:17) JS Stack trace: saveChanges@XPIDatabase.jsm:1326:17
syncWithDB@XPIProvider.jsm:640:25
addAddon@XPIProvider.jsm:773:14
addAddon@XPIProvider.jsm:1546:21
install@XPIInstall.jsm:3859:17
_activateAddon@XPIInstall.jsm:3876:7
1583470972246	addons.xpi-utils	WARN	Error: XPI database modified after shutdown began(resource://gre/modules/addons/XPIDatabase.jsm:1326:17) JS Stack trace: saveChanges@XPIDatabase.jsm:1326:17
makeAddonVisible@XPIDatabase.jsm:2067:10
addToDatabase@XPIDatabase.jsm:1996:12
install@XPIInstall.jsm:3857:27
_activateAddon@XPIInstall.jsm:3876:7
1583470972247	addons.xpi-utils	WARN	Error: XPI database modified after shutdown began(resource://gre/modules/addons/XPIDatabase.jsm:1326:17) JS Stack trace: saveChanges@XPIDatabase.jsm:1326:17
addToDatabase@XPIDatabase.jsm:1999:10
install@XPIInstall.jsm:3857:27
_activateAddon@XPIInstall.jsm:3876:7
1583470972249	addons.xpi-utils	WARN	Error: XPI database modified after shutdown began(resource://gre/modules/addons/XPIDatabase.jsm:1326:17) JS Stack trace: saveChanges@XPIDatabase.jsm:1326:17
syncWithDB@XPIProvider.jsm:640:25
addAddon@XPIProvider.jsm:773:14
addAddon@XPIProvider.jsm:1546:21
install@XPIInstall.jsm:3859:17
_activateAddon@XPIInstall.jsm:3876:7
1583470972281	addons.xpi-utils	WARN	Error: XPI database modified after shutdown began(resource://gre/modules/addons/XPIDatabase.jsm:1326:17) JS Stack trace: saveChanges@XPIDatabase.jsm:1326:17
makeAddonVisible@XPIDatabase.jsm:2067:10
addToDatabase@XPIDatabase.jsm:1996:12
install@XPIInstall.jsm:3857:27
_activateAddon@XPIInstall.jsm:3876:7
1583470972281	addons.xpi-utils	WARN	Error: XPI database modified after shutdown began(resource://gre/modules/addons/XPIDatabase.jsm:1326:17) JS Stack trace: saveChanges@XPIDatabase.jsm:1326:17
addToDatabase@XPIDatabase.jsm:1999:10
install@XPIInstall.jsm:3857:27
_activateAddon@XPIInstall.jsm:3876:7
1583470972283	addons.xpi-utils	WARN	Error: XPI database modified after shutdown began(resource://gre/modules/addons/XPIDatabase.jsm:1326:17) JS Stack trace: saveChanges@XPIDatabase.jsm:1326:17
syncWithDB@XPIProvider.jsm:640:25
addAddon@XPIProvider.jsm:773:14
addAddon@XPIProvider.jsm:1546:21
install@XPIInstall.jsm:3859:17
_activateAddon@XPIInstall.jsm:3876:7
1583470972381	addons.xpi-utils	WARN	Error: XPI database modified after shutdown began(resource://gre/modules/addons/XPIDatabase.jsm:1326:17) JS Stack trace: saveChanges@XPIDatabase.jsm:1326:17
makeAddonVisible@XPIDatabase.jsm:2067:10
addToDatabase@XPIDatabase.jsm:1996:12
install@XPIInstall.jsm:3857:27
_activateAddon@XPIInstall.jsm:3876:7
1583470972382	addons.xpi-utils	WARN	Error: XPI database modified after shutdown began(resource://gre/modules/addons/XPIDatabase.jsm:1326:17) JS Stack trace: saveChanges@XPIDatabase.jsm:1326:17
addToDatabase@XPIDatabase.jsm:1999:10
install@XPIInstall.jsm:3857:27
_activateAddon@XPIInstall.jsm:3876:7
1583470972383	addons.xpi-utils	WARN	Error: XPI database modified after shutdown began(resource://gre/modules/addons/XPIDatabase.jsm:1326:17) JS Stack trace: saveChanges@XPIDatabase.jsm:1326:17
syncWithDB@XPIProvider.jsm:640:25
addAddon@XPIProvider.jsm:773:14
addAddon@XPIProvider.jsm:1546:21
install@XPIInstall.jsm:3859:17
_activateAddon@XPIInstall.jsm:3876:7
1583470972429	addons.xpi-utils	WARN	Error: XPI database modified after shutdown began(resource://gre/modules/addons/XPIDatabase.jsm:1326:17) JS Stack trace: saveChanges@XPIDatabase.jsm:1326:17
makeAddonVisible@XPIDatabase.jsm:2067:10
addToDatabase@XPIDatabase.jsm:1996:12
install@XPIInstall.jsm:3857:27
_activateAddon@XPIInstall.jsm:3876:7
1583470972430	addons.xpi-utils	WARN	Error: XPI database modified after shutdown began(resource://gre/modules/addons/XPIDatabase.jsm:1326:17) JS Stack trace: saveChanges@XPIDatabase.jsm:1326:17
addToDatabase@XPIDatabase.jsm:1999:10
install@XPIInstall.jsm:3857:27
_activateAddon@XPIInstall.jsm:3876:7
1583470972433	addons.xpi-utils	WARN	Error: XPI database modified after shutdown began(resource://gre/modules/addons/XPIDatabase.jsm:1326:17) JS Stack trace: saveChanges@XPIDatabase.jsm:1326:17
syncWithDB@XPIProvider.jsm:640:25
addAddon@XPIProvider.jsm:773:14
addAddon@XPIProvider.jsm:1546:21
install@XPIInstall.jsm:3859:17
_activateAddon@XPIInstall.jsm:3876:7

###!!! [Child][RunMessage] Error: Channel closing: too late to send/recv, messages will be lost

[